TN:
SF:script/Deploy.s.sol
FN:22,Deploy.getLayerTypeStr
FNDA:0,Deploy.getLayerTypeStr
DA:27,0
DA:28,0
BRDA:28,0,0,-
BRDA:28,0,1,-
DA:29,0
DA:30,0
BRDA:30,1,0,-
BRDA:30,1,1,-
DA:31,0
DA:32,0
BRDA:32,2,0,-
BRDA:32,2,1,-
DA:33,0
DA:34,0
BRDA:34,3,0,-
BRDA:34,3,1,-
DA:35,0
DA:36,0
BRDA:36,4,0,-
BRDA:36,4,1,-
DA:37,0
DA:39,0
FN:43,Deploy.setUp
FNDA:0,Deploy.setUp
DA:44,0
FN:47,Deploy.run
FNDA:0,Deploy.run
DA:48,0
DA:49,0
DA:60,0
DA:227,0
DA:228,0
DA:229,0
DA:230,0
DA:235,0
DA:238,0
DA:240,0
DA:244,0
FNF:3
FNH:0
LF:24
LH:0
BRF:10
BRH:0
end_of_record
TN:
SF:script/DeployAndConfigureProxy.s.sol
FN:18,Deploy.setUp
FNDA:0,Deploy.setUp
DA:19,0
FN:22,Deploy.getLayerTypeStr
FNDA:0,Deploy.getLayerTypeStr
DA:27,0
DA:28,0
BRDA:28,0,0,-
BRDA:28,0,1,-
DA:29,0
DA:30,0
BRDA:30,1,0,-
BRDA:30,1,1,-
DA:31,0
DA:32,0
BRDA:32,2,0,-
BRDA:32,2,1,-
DA:33,0
DA:34,0
BRDA:34,3,0,-
BRDA:34,3,1,-
DA:35,0
DA:37,0
FN:41,Deploy.run
FNDA:0,Deploy.run
DA:42,0
DA:43,0
DA:44,0
DA:45,0
DA:46,0
DA:49,0
DA:51,0
DA:61,0
DA:74,0
DA:76,0
DA:78,0
DA:79,0
FNF:3
FNH:0
LF:23
LH:0
BRF:8
BRH:0
end_of_record
TN:
SF:script/UpdateMetadataBaseURI.s.sol
FN:18,Deploy.setUp
FNDA:0,Deploy.setUp
DA:19,0
FN:22,Deploy.getLayerTypeStr
FNDA:0,Deploy.getLayerTypeStr
DA:27,0
DA:28,0
BRDA:28,0,0,-
BRDA:28,0,1,-
DA:29,0
DA:30,0
BRDA:30,1,0,-
BRDA:30,1,1,-
DA:31,0
DA:32,0
BRDA:32,2,0,-
BRDA:32,2,1,-
DA:33,0
DA:34,0
BRDA:34,3,0,-
BRDA:34,3,1,-
DA:35,0
DA:37,0
FN:41,Deploy.run
FNDA:0,Deploy.run
DA:42,0
DA:44,0
DA:45,0
DA:46,0
DA:49,0
DA:51,0
DA:53,0
FNF:3
FNH:0
LF:18
LH:0
BRF:8
BRH:0
end_of_record
TN:
SF:script/UpgradeMetadataContract.s.sol
FN:21,Deploy.setUp
FNDA:0,Deploy.setUp
DA:22,0
FN:25,Deploy.run
FNDA:0,Deploy.run
DA:26,0
DA:27,0
DA:28,0
DA:30,0
DA:33,0
DA:34,0
DA:39,0
DA:42,0
DA:43,0
DA:44,0
DA:45,0
DA:46,0
FNF:2
FNH:0
LF:13
LH:0
BRF:0
BRH:0
end_of_record
TN:
SF:src/BoundLayerable.sol
FN:67,BoundLayerable.getBoundLayers
FNDA:1034,BoundLayerable.getBoundLayers
DA:72,1034
FN:76,BoundLayerable.getBoundLayerBitMap
FNDA:0,BoundLayerable.getBoundLayerBitMap
DA:82,1946
FN:86,BoundLayerable.getActiveLayers
FNDA:443,BoundLayerable.getActiveLayers
DA:92,446
DA:93,446
FN:96,BoundLayerable._tokenURI
FNDA:3,BoundLayerable._tokenURI
DA:98,3
DA:102,3
FN:119,BoundLayerable.setMetadataContract
FNDA:516,BoundLayerable.setMetadataContract
DA:123,4
FN:134,BoundLayerable.burnAndBindSingleAndSetActiveLayers
FNDA:1,BoundLayerable.burnAndBindSingleAndSetActiveLayers
DA:139,1
DA:140,1
FN:151,BoundLayerable.burnAndBindMultipleAndSetActiveLayers
FNDA:2,BoundLayerable.burnAndBindMultipleAndSetActiveLayers
DA:156,2
DA:157,2
FN:166,BoundLayerable.burnAndBindSingle
FNDA:16,BoundLayerable.burnAndBindSingle
DA:170,16
FN:179,BoundLayerable.burnAndBindMultiple
FNDA:14,BoundLayerable.burnAndBindMultiple
DA:183,14
FN:192,BoundLayerable.setActiveLayers
FNDA:959,BoundLayerable.setActiveLayers
DA:196,959
FN:199,BoundLayerable._burnAndBindMultiple
FNDA:16,BoundLayerable._burnAndBindMultiple
DA:204,16
BRDA:204,0,0,1
BRDA:204,0,1,15
DA:205,1
DA:209,15
BRDA:209,1,0,1
BRDA:209,1,1,14
DA:210,1
DA:212,14
DA:214,14
DA:218,14
DA:220,12
DA:222,12
DA:227,12
DA:228,12
DA:229,41
DA:232,41
BRDA:232,2,0,1
BRDA:232,2,1,40
DA:233,1
DA:237,40
BRDA:237,3,0,1
BRDA:237,3,1,39
DA:238,1
DA:240,39
DA:244,39
DA:247,39
DA:248,39
BRDA:248,4,0,1
BRDA:248,4,1,38
DA:249,1
DA:252,38
DA:253,38
DA:254,38
DA:257,9
FN:260,BoundLayerable._burnAndBindSingle
FNDA:17,BoundLayerable._burnAndBindSingle
DA:266,17
BRDA:265,5,0,2
BRDA:265,5,1,15
DA:269,2
DA:273,15
DA:274,15
DA:280,15
BRDA:280,6,0,1
BRDA:280,6,1,14
DA:281,1
DA:283,14
DA:285,12
DA:290,12
BRDA:290,7,0,1
BRDA:290,7,1,11
DA:291,1
DA:293,11
DA:295,11
DA:297,11
DA:299,11
DA:300,11
BRDA:300,8,0,1
BRDA:300,8,1,10
DA:301,1
DA:304,10
DA:305,10
FN:308,BoundLayerable._setActiveLayers
FNDA:962,BoundLayerable._setActiveLayers
DA:313,962
BRDA:313,9,0,74
BRDA:313,9,1,888
DA:314,74
DA:317,888
BRDA:317,10,0,1
BRDA:317,10,1,887
DA:318,1
DA:322,887
BRDA:322,11,0,1
BRDA:322,11,1,886
DA:323,1
DA:327,886
DA:330,886
DA:333,886
DA:334,886
DA:338,886
DA:341,886
DA:346,886
DA:347,886
FN:350,BoundLayerable._setBoundLayersAndEmitEvent
FNDA:19,BoundLayerable._setBoundLayersAndEmitEvent
DA:355,19
DA:356,19
DA:357,19
FN:365,BoundLayerable._unpackLayersToBitMapAndCheckForDuplicates
FNDA:894,BoundLayerable._unpackLayersToBitMapAndCheckForDuplicates
FN:396,BoundLayerable._checkUnpackedIsSubsetOfBound
FNDA:1406,BoundLayerable._checkUnpackedIsSubsetOfBound
DA:405,1406
BRDA:405,12,0,260
FN:419,BoundLayerable._setMetadataContract
FNDA:4,BoundLayerable._setMetadataContract
DA:423,4
FN:431,BoundLayerable._setPlaceholderBinding
FNDA:5,BoundLayerable._setPlaceholderBinding
DA:432,5
FN:435,BoundLayerable._setPlaceholderActiveLayers
FNDA:4,BoundLayerable._setPlaceholderActiveLayers
DA:436,4
FNF:19
FNH:18
LF:78
LH:78
BRF:25
BRH:25
end_of_record
TN:
SF:src/Renderer.sol
FN:101,Renderer.render
FNDA:0,Renderer.render
DA:102,0
DA:103,0
DA:105,0
DA:107,0
DA:108,0
DA:109,0
DA:111,0
DA:112,0
DA:113,0
BRDA:113,0,0,-
BRDA:113,0,1,-
DA:114,0
DA:116,0
BRDA:116,1,0,-
BRDA:116,1,1,-
DA:117,0
DA:119,0
BRDA:119,2,0,-
BRDA:119,2,1,-
DA:120,0
DA:122,0
DA:130,0
DA:131,0
DA:132,0
DA:138,0
FN:141,Renderer.example
FNDA:0,Renderer.example
DA:142,0
FNF:2
FNH:0
LF:20
LH:0
BRF:6
BRH:0
end_of_record
TN:
SF:src/SVG.sol
FN:10,svg.g
FNDA:0,svg.g
DA:15,0
FN:18,svg.path
FNDA:0,svg.path
DA:23,0
FN:26,svg.text
FNDA:0,svg.text
DA:31,0
FN:34,svg.line
FNDA:0,svg.line
DA:39,0
FN:42,svg.circle
FNDA:0,svg.circle
DA:47,0
FN:50,svg.circle
FNDA:0,svg.circle
DA:55,0
FN:58,svg.rect
FNDA:0,svg.rect
DA:63,0
FN:66,svg.rect
FNDA:0,svg.rect
DA:67,0
FN:70,svg.filter
FNDA:0,svg.filter
DA:75,0
FN:78,svg.cdata
FNDA:0,svg.cdata
DA:83,0
FN:87,svg.radialGradient
FNDA:0,svg.radialGradient
DA:92,0
FN:95,svg.linearGradient
FNDA:0,svg.linearGradient
DA:100,0
FN:103,svg.gradientStop
FNDA:0,svg.gradientStop
DA:108,0
FN:121,svg.animateTransform
FNDA:0,svg.animateTransform
DA:126,0
FN:129,svg.image
FNDA:0,svg.image
DA:134,0
FN:139,svg.el
FNDA:0,svg.el
DA:144,0
FN:159,svg.el
FNDA:0,svg.el
DA:164,0
FN:168,svg.prop
FNDA:0,svg.prop
DA:173,0
FNF:18
FNH:0
LF:18
LH:0
BRF:0
BRH:0
end_of_record
TN:
SF:src/Utils.sol
FN:10,utils.setCssVar
FNDA:0,utils.setCssVar
DA:15,0
FN:19,utils.getCssVar
FNDA:0,utils.getCssVar
DA:24,0
FN:28,utils.getDefURL
FNDA:0,utils.getDefURL
DA:33,0
FN:37,utils.white_a
FNDA:0,utils.white_a
DA:38,0
FN:42,utils.black_a
FNDA:0,utils.black_a
DA:43,0
FN:47,utils.rgba
FNDA:0,utils.rgba
DA:53,0
DA:56,0
FN:71,utils.stringsEqual
FNDA:0,utils.stringsEqual
DA:76,0
FN:80,utils.utfStringLength
FNDA:0,utils.utfStringLength
DA:85,0
DA:86,0
DA:88,0
DA:89,0
BRDA:89,0,0,-
BRDA:89,0,1,-
DA:90,0
BRDA:90,1,0,-
BRDA:90,1,1,-
DA:91,0
BRDA:91,2,0,-
BRDA:91,2,1,-
DA:92,0
BRDA:92,3,0,-
BRDA:92,3,1,-
DA:93,0
DA:94,0
DA:96,0
FN:101,utils.uint2str
FNDA:0,utils.uint2str
DA:106,0
BRDA:106,4,0,-
BRDA:106,4,1,-
DA:107,0
DA:109,0
DA:110,0
DA:111,0
DA:112,0
DA:113,0
DA:115,0
DA:116,0
DA:117,0
DA:118,0
DA:119,0
DA:120,0
DA:121,0
DA:122,0
DA:124,0
FNF:9
FNH:0
LF:34
LH:0
BRF:10
BRH:0
end_of_record
TN:
SF:src/examples/BoundLayerableFirstComposedCutoff.sol
FN:43,BoundLayerableFirstComposedCutoff._setBoundLayersAndEmitEvent
FNDA:10,BoundLayerableFirstComposedCutoff._setBoundLayersAndEmitEvent
DA:49,10
DA:50,10
DA:54,10
DA:63,10
FNF:1
FNH:1
LF:4
LH:4
BRF:0
BRH:0
end_of_record
TN:
SF:src/implementations/BoundLayerableFirstComposedCutoffImpl.sol
FN:57,BoundLayerableFirstComposedCutoffImpl.setPackedBatchRandomness
FNDA:5,BoundLayerableFirstComposedCutoffImpl.setPackedBatchRandomness
DA:58,5
FN:61,BoundLayerableFirstComposedCutoffImpl.mint
FNDA:0,BoundLayerableFirstComposedCutoffImpl.mint
DA:62,0
DA:63,0
FN:66,BoundLayerableFirstComposedCutoffImpl.setBoundLayers
FNDA:770,BoundLayerableFirstComposedCutoffImpl.setBoundLayers
DA:67,770
FN:70,BoundLayerableFirstComposedCutoffImpl.setBoundLayersBulk
FNDA:0,BoundLayerableFirstComposedCutoffImpl.setBoundLayersBulk
DA:74,0
DA:75,0
FN:79,BoundLayerableFirstComposedCutoffImpl.getLayerType
FNDA:0,BoundLayerableFirstComposedCutoffImpl.getLayerType
DA:86,32
FN:89,BoundLayerableFirstComposedCutoffImpl.checkUnpackedIsSubsetOfBound
FNDA:4,BoundLayerableFirstComposedCutoffImpl.checkUnpackedIsSubsetOfBound
DA:93,4
FN:96,BoundLayerableFirstComposedCutoffImpl.unpackLayersToBitMapAndCheckForDuplicates
FNDA:3,BoundLayerableFirstComposedCutoffImpl.unpackLayersToBitMapAndCheckForDuplicates
DA:101,3
FN:104,BoundLayerableFirstComposedCutoffImpl.getActiveLayersRaw
FNDA:1,BoundLayerableFirstComposedCutoffImpl.getActiveLayersRaw
DA:109,1
FN:112,BoundLayerableFirstComposedCutoffImpl.getLayerId
FNDA:0,BoundLayerableFirstComposedCutoffImpl.getLayerId
DA:118,0
DA:119,0
FN:122,BoundLayerableFirstComposedCutoffImpl.getLayerId
FNDA:34,BoundLayerableFirstComposedCutoffImpl.getLayerId
DA:128,34
DA:129,32
FN:132,BoundLayerableFirstComposedCutoffImpl.isBurned
FNDA:10,BoundLayerableFirstComposedCutoffImpl.isBurned
DA:133,10
FNF:11
FNH:7
LF:15
LH:9
BRF:0
BRH:0
end_of_record
TN:
SF:src/implementations/BoundLayerableSnapshotImpl.sol
FN:51,BoundLayerableSnapshotImpl.setPackedBatchRandomness
FNDA:6,BoundLayerableSnapshotImpl.setPackedBatchRandomness
DA:52,6
FN:55,BoundLayerableSnapshotImpl.mint
FNDA:4,BoundLayerableSnapshotImpl.mint
DA:56,4
DA:57,4
DA:58,4
FN:61,BoundLayerableSnapshotImpl.mint
FNDA:1,BoundLayerableSnapshotImpl.mint
DA:62,1
FN:65,BoundLayerableSnapshotImpl.setBoundLayers
FNDA:775,BoundLayerableSnapshotImpl.setBoundLayers
DA:66,775
FN:69,BoundLayerableSnapshotImpl.setBoundLayersBulk
FNDA:0,BoundLayerableSnapshotImpl.setBoundLayersBulk
DA:73,0
DA:74,0
FNF:5
FNH:4
LF:8
LH:6
BRF:0
BRH:0
end_of_record
TN:
SF:src/implementations/BoundLayerableTestImpl.sol
FN:12,BoundLayerableTestImpl.getLayerType
FNDA:0,BoundLayerableTestImpl.getLayerType
DA:19,26
FN:22,BoundLayerableTestImpl.checkUnpackedIsSubsetOfBound
FNDA:516,BoundLayerableTestImpl.checkUnpackedIsSubsetOfBound
DA:26,516
FN:29,BoundLayerableTestImpl.unpackLayersToBitMapAndCheckForDuplicates
FNDA:5,BoundLayerableTestImpl.unpackLayersToBitMapAndCheckForDuplicates
DA:34,5
FN:37,BoundLayerableTestImpl.getActiveLayersRaw
FNDA:1,BoundLayerableTestImpl.getActiveLayersRaw
DA:42,1
FN:45,BoundLayerableTestImpl.getLayerId
FNDA:7,BoundLayerableTestImpl.getLayerId
DA:51,9
DA:52,9
FN:55,BoundLayerableTestImpl.getLayerId
FNDA:28,BoundLayerableTestImpl.getLayerId
DA:61,28
DA:62,26
FN:65,BoundLayerableTestImpl.isBurned
FNDA:10,BoundLayerableTestImpl.isBurned
DA:66,10
FN:69,BoundLayerableTestImpl.getTokenURI
FNDA:3,BoundLayerableTestImpl.getTokenURI
DA:70,3
FNF:8
FNH:7
LF:10
LH:10
BRF:0
BRH:0
end_of_record
TN:
SF:src/implementations/TestToken.sol
FN:30,TestToken.disableTrading
FNDA:1,TestToken.disableTrading
DA:31,1
BRDA:31,0,0,-
BRDA:31,0,1,1
DA:32,0
DA:35,1
DA:37,1
FN:40,TestToken._burnLayers
FNDA:1,TestToken._burnLayers
DA:42,1
DA:43,5555
BRDA:43,1,0,4761
BRDA:43,1,1,5555
DA:47,4761
DA:50,5555
FN:55,TestToken.tokenURI
FNDA:0,TestToken.tokenURI
DA:62,0
FN:65,TestToken.ownerOf
FNDA:0,TestToken.ownerOf
DA:66,1
FN:69,TestToken.mintSet
FNDA:1,TestToken.mintSet
DA:71,1
DA:72,1
FN:76,TestToken.mintSets
FNDA:0,TestToken.mintSets
DA:81,0
FNF:6
FNH:3
LF:13
LH:10
BRF:4
BRH:3
end_of_record
TN:
SF:src/implementations/TestnetToken.sol
FN:36,TestnetToken.tokenURI
FNDA:0,TestnetToken.tokenURI
DA:43,0
FN:46,TestnetToken.mintSet
FNDA:0,TestnetToken.mintSet
DA:47,0
DA:48,0
FN:52,TestnetToken.mintSets
FNDA:0,TestnetToken.mintSets
DA:57,0
FNF:3
FNH:0
LF:4
LH:0
BRF:0
BRH:0
end_of_record
TN:
SF:src/lib/BitMapUtility.sol
FN:12,BitMapUtility.toBitMap
FNDA:0,BitMapUtility.toBitMap
DA:15,0
FN:25,BitMapUtility.intersect
FNDA:0,BitMapUtility.intersect
DA:32,0
FN:42,BitMapUtility.contains
FNDA:0,BitMapUtility.contains
DA:49,0
FN:59,BitMapUtility.isSupersetOf
FNDA:0,BitMapUtility.isSupersetOf
DA:66,0
FN:75,BitMapUtility.unpackBitMap
FNDA:0,BitMapUtility.unpackBitMap
DA:82,0
BRDA:82,0,0,-
DA:110,0
FN:139,BitMapUtility.uintsToBitMap
FNDA:0,BitMapUtility.uintsToBitMap
FN:168,BitMapUtility.msb
FNDA:0,BitMapUtility.msb
DA:171,0
DA:172,0
DA:173,0
DA:175,0
DA:176,0
DA:177,0
DA:178,0
DA:179,0
DA:180,0
DA:182,0
FN:199,BitMapUtility.lsb
FNDA:0,BitMapUtility.lsb
DA:202,0
DA:203,0
DA:204,0
DA:205,0
DA:207,0
DA:208,0
DA:209,0
DA:210,0
DA:211,0
DA:212,0
DA:214,0
FNF:8
FNH:0
LF:27
LH:0
BRF:1
BRH:0
end_of_record
TN:
SF:src/lib/JSON.sol
FN:10,json.object
FNDA:0,json.object
DA:11,0
FN:19,json.array
FNDA:0,json.array
DA:20,0
FN:29,json.property
FNDA:0,json.property
DA:34,0
FN:43,json.rawProperty
FNDA:0,json.rawProperty
DA:48,0
FN:56,json.objectOf
FNDA:0,json.objectOf
DA:61,0
BRDA:61,0,0,-
BRDA:61,0,1,-
DA:62,0
DA:64,0
DA:65,0
DA:66,0
DA:68,0
FN:76,json.arrayOf
FNDA:0,json.arrayOf
DA:81,0
FN:90,json.arrayOf
FNDA:0,json.arrayOf
DA:95,0
BRDA:95,1,0,-
BRDA:95,1,1,-
DA:96,0
DA:97,0
BRDA:97,2,0,-
BRDA:97,2,1,-
DA:98,0
DA:100,0
FN:109,json.quote
FNDA:0,json.quote
DA:110,0
FN:118,json._commaJoin
FNDA:0,json._commaJoin
DA:123,0
FN:132,json._commaJoin
FNDA:0,json._commaJoin
DA:137,0
FN:146,json._join
FNDA:0,json._join
DA:151,0
BRDA:151,3,0,-
BRDA:151,3,1,-
DA:152,0
DA:154,0
DA:155,0
DA:156,0
DA:158,0
FNF:11
FNH:0
LF:25
LH:0
BRF:8
BRH:0
end_of_record
TN:
SF:src/lib/PackedByteUtility.sol
FN:13,PackedByteUtility.getPackedByteFromRight
FNDA:0,PackedByteUtility.getPackedByteFromRight
DA:20,0
FN:30,PackedByteUtility.getPackedByteFromLeft
FNDA:0,PackedByteUtility.getPackedByteFromLeft
DA:37,0
FN:41,PackedByteUtility.packShortAtIndex
FNDA:0,PackedByteUtility.packShortAtIndex
DA:50,0
DA:51,0
FN:55,PackedByteUtility.getPackedShortFromRight
FNDA:0,PackedByteUtility.getPackedShortFromRight
DA:62,0
DA:63,0
FN:67,PackedByteUtility.getPackedNFromRight
FNDA:0,PackedByteUtility.getPackedNFromRight
DA:75,0
DA:76,0
FN:80,PackedByteUtility.packNAtRightIndex
FNDA:0,PackedByteUtility.packNAtRightIndex
DA:94,0
DA:96,0
FN:100,PackedByteUtility.getPackedShortFromLeft
FNDA:0,PackedByteUtility.getPackedShortFromLeft
DA:107,0
DA:108,0
FN:117,PackedByteUtility.unpackBytesToBitMap
FNDA:0,PackedByteUtility.unpackBytesToBitMap
FN:146,PackedByteUtility.packArrayOfBytes
FNDA:0,PackedByteUtility.packArrayOfBytes
DA:155,0
BRDA:155,0,0,-
DA:156,0
FN:174,PackedByteUtility.packArrayOfShorts
FNDA:0,PackedByteUtility.packArrayOfShorts
DA:179,0
DA:180,0
DA:181,0
BRDA:181,1,0,-
BRDA:181,1,1,-
DA:182,0
DA:184,0
DA:185,0
DA:186,0
FN:195,PackedByteUtility.unpackByteArray
FNDA:0,PackedByteUtility.unpackByteArray
DA:202,0
FN:232,PackedByteUtility.packByteAtIndex
FNDA:0,PackedByteUtility.packByteAtIndex
DA:244,0
DA:246,0
FN:251,PackedByteUtility.packArraysOfBytes
FNDA:0,PackedByteUtility.packArraysOfBytes
DA:256,0
DA:257,0
DA:260,0
DA:261,0
DA:263,0
DA:266,0
BRDA:266,2,0,-
BRDA:266,2,1,-
DA:267,0
DA:268,0
DA:269,0
DA:272,0
DA:275,0
BRDA:275,3,0,-
BRDA:275,3,1,-
DA:276,0
DA:279,0
FN:283,PackedByteUtility.unpackByteArrays
FNDA:0,PackedByteUtility.unpackByteArrays
DA:288,0
DA:289,0
DA:290,0
DA:291,0
DA:292,0
DA:293,0
DA:294,0
DA:298,0
BRDA:298,4,0,-
BRDA:298,4,1,-
DA:299,0
DA:301,0
DA:303,0
DA:306,0
BRDA:306,5,0,-
BRDA:306,5,1,-
DA:307,0
DA:310,0
DA:313,0
FNF:14
FNH:0
LF:52
LH:0
BRF:11
BRH:0
end_of_record
TN:
SF:src/metadata/ImageLayerable.sol
FN:40,ImageLayerable.initialize
FNDA:2,ImageLayerable.initialize
DA:48,2
DA:49,1
FN:52,ImageLayerable._initialize
FNDA:1,ImageLayerable._initialize
DA:59,1
BRDA:59,0,0,-
BRDA:59,0,1,1
DA:60,0
DA:62,1
DA:63,1
DA:64,1
DA:65,1
DA:66,1
FN:69,ImageLayerable.setWidth
FNDA:2,ImageLayerable.setWidth
DA:70,1
FN:73,ImageLayerable.setHeight
FNDA:2,ImageLayerable.setHeight
DA:74,1
FN:78,ImageLayerable.setDefaultURI
FNDA:2,ImageLayerable.setDefaultURI
DA:79,1
FN:83,ImageLayerable.setBaseLayerURI
FNDA:1,ImageLayerable.setBaseLayerURI
DA:84,1
FN:88,ImageLayerable.setExternalUrl
FNDA:1,ImageLayerable.setExternalUrl
DA:89,1
FN:93,ImageLayerable.setDescription
FNDA:1,ImageLayerable.setDescription
DA:94,1
FN:105,ImageLayerable._getRawTokenJson
FNDA:780,ImageLayerable._getRawTokenJson
DA:112,780
DA:113,780
DA:114,780
DA:116,780
BRDA:116,1,0,259
BRDA:116,1,1,521
DA:117,259
DA:128,521
BRDA:128,2,0,515
BRDA:128,2,1,6
DA:129,515
DA:131,6
FN:142,ImageLayerable._getRawLayerJson
FNDA:771,ImageLayerable._getRawLayerJson
DA:148,771
DA:149,771
DA:150,771
DA:151,771
DA:152,771
FN:167,ImageLayerable._getName
FNDA:1036,ImageLayerable._getName
DA:174,1036
FN:177,ImageLayerable._getExternalUrl
FNDA:1036,ImageLayerable._getExternalUrl
DA:184,1036
FN:187,ImageLayerable._getDescription
FNDA:1036,ImageLayerable._getDescription
DA:194,1036
FN:198,ImageLayerable.getLayeredTokenImageURI
FNDA:0,ImageLayerable.getLayeredTokenImageURI
DA:205,6
DA:206,6
DA:207,6
DA:208,6
DA:221,6
FN:241,ImageLayerable.getLayerImageURI
FNDA:0,ImageLayerable.getLayerImageURI
DA:248,777
FN:252,ImageLayerable.getDefaultImageURI
FNDA:0,ImageLayerable.getDefaultImageURI
DA:259,259
FN:263,ImageLayerable._constructJson
FNDA:1036,ImageLayerable._constructJson
DA:270,1036
DA:271,1036
DA:272,1036
DA:276,1036
DA:280,1036
BRDA:280,3,0,-
BRDA:280,3,1,777
DA:281,777
DA:282,777
DA:283,777
DA:284,777
DA:285,777
DA:287,777
DA:289,259
DA:290,259
DA:291,259
DA:292,259
DA:293,259
DA:295,1036
FNF:17
FNH:14
LF:55
LH:54
BRF:8
BRH:6
end_of_record
TN:
SF:src/metadata/Layerable.sol
FN:26,Layerable.initialize
FNDA:2,Layerable.initialize
DA:27,2
FN:30,Layerable._initialize
FNDA:4,Layerable._initialize
DA:31,4
BRDA:31,0,0,3
BRDA:31,0,1,1
DA:32,3
DA:34,1
FN:45,Layerable.getTokenURI
FNDA:4,Layerable.getTokenURI
DA:53,4
FN:70,Layerable.getTokenJson
FNDA:776,Layerable.getTokenJson
DA:77,776
FN:87,Layerable.getLayerJson
FNDA:256,Layerable.getLayerJson
DA:93,256
FN:150,Layerable.getBoundLayerTraits
FNDA:256,Layerable.getBoundLayerTraits
DA:155,256
FN:159,Layerable.getActiveLayerTraits
FNDA:256,Layerable.getActiveLayerTraits
DA:164,256
FN:168,Layerable.getBoundAndActiveLayerTraits
FNDA:0,Layerable.getBoundAndActiveLayerTraits
DA:172,6
DA:173,6
DA:174,6
FN:178,Layerable._getBoundLayerTraits
FNDA:262,Layerable._getBoundLayerTraits
DA:183,262
DA:185,262
DA:186,262
DA:187,510
DA:189,262
DA:195,262
FN:200,Layerable._getActiveLayerTraits
FNDA:262,Layerable._getActiveLayerTraits
DA:205,262
DA:206,262
DA:207,518
FNF:10
FNH:9
LF:21
LH:21
BRF:2
BRH:2
end_of_record
TN:
SF:src/token/ERC721A.sol
FN:155,ERC721A._startTokenId
FNDA:5786,ERC721A._startTokenId
DA:156,0
FN:162,ERC721A._nextTokenId
FNDA:9,ERC721A._nextTokenId
DA:163,9
FN:171,ERC721A.totalSupply
FNDA:0,ERC721A.totalSupply
DA:175,0
FN:182,ERC721A._totalMinted
FNDA:0,ERC721A._totalMinted
DA:186,0
FN:193,ERC721A._totalBurned
FNDA:0,ERC721A._totalBurned
DA:194,0
FN:204,ERC721A.balanceOf
FNDA:0,ERC721A.balanceOf
DA:211,0
BRDA:211,0,0,-
BRDA:211,0,1,-
DA:212,0
FN:218,ERC721A._numberMinted
FNDA:0,ERC721A._numberMinted
DA:219,0
FN:227,ERC721A._numberBurned
FNDA:0,ERC721A._numberBurned
DA:228,0
FN:236,ERC721A._getAux
FNDA:0,ERC721A._getAux
DA:237,0
FN:244,ERC721A._setAux
FNDA:0,ERC721A._setAux
DA:245,0
DA:246,0
DA:249,0
DA:251,0
DA:254,0
FN:269,ERC721A.supportsInterface
FNDA:0,ERC721A.supportsInterface
DA:280,0
FN:293,ERC721A.name
FNDA:0,ERC721A.name
DA:294,0
FN:300,ERC721A.symbol
FNDA:0,ERC721A.symbol
DA:301,0
FN:307,ERC721A.tokenURI
FNDA:0,ERC721A.tokenURI
DA:314,0
BRDA:314,1,0,-
BRDA:314,1,1,-
DA:316,0
DA:317,0
FN:328,ERC721A._baseURI
FNDA:0,ERC721A._baseURI
DA:329,0
FN:343,ERC721A.ownerOf
FNDA:0,ERC721A.ownerOf
DA:350,977
FN:357,ERC721A._ownershipOf
FNDA:0,ERC721A._ownershipOf
DA:363,0
FN:369,ERC721A._ownershipAt
FNDA:0,ERC721A._ownershipAt
DA:375,0
FN:381,ERC721A._initializeOwnershipAt
FNDA:0,ERC721A._initializeOwnershipAt
DA:382,0
BRDA:382,2,0,-
BRDA:382,2,1,-
DA:383,0
FN:390,ERC721A._packedOwnershipOf
FNDA:5786,ERC721A._packedOwnershipOf
DA:395,5786
DA:398,5786
BRDA:398,3,0,910
BRDA:398,3,1,5786
DA:399,5786
BRDA:399,4,0,910
BRDA:399,4,1,5786
DA:400,5786
DA:402,5786
BRDA:402,5,0,910
BRDA:402,5,1,5786
DA:412,6696
DA:413,910
DA:415,5786
DA:419,0
FN:425,ERC721A._unpackedOwnership
FNDA:0,ERC721A._unpackedOwnership
DA:430,0
DA:431,0
DA:432,0
DA:433,0
FN:439,ERC721A._packOwnershipData
FNDA:4815,ERC721A._packOwnershipData
DA:446,4815
DA:448,4815
FN:458,ERC721A._nextInitializedFlag
FNDA:6,ERC721A._nextInitializedFlag
DA:466,6
FN:488,ERC721A.approve
FNDA:0,ERC721A.approve
DA:489,0
DA:491,0
BRDA:491,6,0,-
BRDA:491,6,1,-
DA:492,0
BRDA:492,7,0,-
BRDA:492,7,1,-
DA:493,0
DA:496,0
DA:497,0
FN:507,ERC721A.getApproved
FNDA:0,ERC721A.getApproved
DA:514,0
BRDA:514,8,0,-
BRDA:514,8,1,-
DA:516,0
FN:530,ERC721A.setApprovalForAll
FNDA:0,ERC721A.setApprovalForAll
DA:535,0
DA:536,0
FN:544,ERC721A.isApprovedForAll
FNDA:0,ERC721A.isApprovedForAll
DA:551,0
FN:561,ERC721A._exists
FNDA:0,ERC721A._exists
DA:562,0
FN:571,ERC721A._isSenderApprovedOrOwner
FNDA:0,ERC721A._isSenderApprovedOrOwner
DA:578,0
DA:580,0
DA:582,0
FN:589,ERC721A._getApprovedSlotAndAddress
FNDA:4809,ERC721A._getApprovedSlotAndAddress
DA:594,4809
DA:597,4809
DA:598,4809
FN:619,ERC721A.transferFrom
FNDA:0,ERC721A.transferFrom
DA:624,0
DA:626,0
BRDA:626,9,0,-
BRDA:626,9,1,-
DA:627,0
DA:629,0
DA:632,0
DA:636,0
BRDA:635,10,0,-
BRDA:635,10,1,-
DA:642,0
BRDA:642,11,0,-
BRDA:642,11,1,-
DA:643,0
DA:645,0
BRDA:645,12,0,-
BRDA:645,12,1,-
DA:647,0
DA:651,0
BRDA:651,13,0,-
DA:662,0
DA:663,0
DA:670,0
DA:677,0
BRDA:677,14,0,-
BRDA:677,14,1,-
DA:678,0
DA:680,0
BRDA:680,15,0,-
BRDA:680,15,1,-
DA:682,0
BRDA:682,16,0,-
BRDA:682,16,1,-
DA:684,0
DA:690,0
DA:691,0
FN:697,ERC721A.safeTransferFrom
FNDA:0,ERC721A.safeTransferFrom
DA:702,0
FN:720,ERC721A.safeTransferFrom
FNDA:0,ERC721A.safeTransferFrom
DA:726,0
DA:727,0
BRDA:727,17,0,-
BRDA:727,17,1,-
DA:728,0
BRDA:728,18,0,-
BRDA:728,18,1,-
DA:729,0
FN:749,ERC721A._beforeTokenTransfers
FNDA:4815,ERC721A._beforeTokenTransfers
FN:772,ERC721A._afterTokenTransfers
FNDA:4815,ERC721A._afterTokenTransfers
FN:789,ERC721A._checkContractOnERC721Received
FNDA:0,ERC721A._checkContractOnERC721Received
DA:796,0
FN:831,ERC721A._mint
FNDA:6,ERC721A._mint
DA:832,6
DA:833,6
BRDA:833,19,0,-
BRDA:833,19,1,6
DA:835,6
DA:846,6
DA:855,6
DA:861,6
DA:862,6
DA:870,6
DA:890,6
BRDA:890,20,0,-
BRDA:890,20,1,6
DA:892,6
DA:894,6
FN:918,ERC721A._mintERC2309
FNDA:0,ERC721A._mintERC2309
DA:919,0
DA:920,0
BRDA:920,21,0,-
BRDA:920,21,1,-
DA:921,0
BRDA:921,22,0,-
BRDA:921,22,1,-
DA:922,0
BRDA:922,23,0,-
BRDA:922,23,1,-
DA:923,0
DA:925,0
DA:934,0
DA:943,0
DA:949,0
DA:956,0
DA:958,0
FN:974,ERC721A._safeMint
FNDA:0,ERC721A._safeMint
DA:979,0
DA:982,0
BRDA:982,24,0,-
BRDA:982,24,1,-
DA:983,0
DA:984,0
DA:996,0
BRDA:986,25,0,-
BRDA:986,25,1,-
DA:998,0
BRDA:998,26,0,-
BRDA:998,26,1,-
FN:1006,ERC721A._safeMint
FNDA:0,ERC721A._safeMint
DA:1007,0
FN:1014,ERC721A._isBurned
FNDA:20,ERC721A._isBurned
DA:1015,20
FN:1021,ERC721A._burn
FNDA:4809,ERC721A._burn
DA:1022,4809
FN:1035,ERC721A._burn
FNDA:4809,ERC721A._burn
DA:1036,4809
DA:1038,4809
DA:1040,4809
DA:1043,4809
DA:1045,4809
BRDA:1045,27,0,-
BRDA:1045,27,1,-
DA:1048,0
BRDA:1047,28,0,-
BRDA:1047,28,1,-
DA:1054,0
BRDA:1054,29,0,-
BRDA:1054,29,1,-
DA:1055,0
DA:1058,4809
DA:1062,4809
BRDA:1062,30,0,-
DA:1078,4809
DA:1085,4809
DA:1092,4809
BRDA:1092,31,0,4785
BRDA:1092,31,1,4785
DA:1093,4795
DA:1095,4795
BRDA:1095,32,0,4785
BRDA:1095,32,1,4785
DA:1097,4785
BRDA:1097,33,0,4785
BRDA:1097,33,1,4785
DA:1099,4785
DA:1105,4809
DA:1106,4809
DA:1110,4809
FN:1121,ERC721A._setExtraDataAt
FNDA:0,ERC721A._setExtraDataAt
DA:1122,0
DA:1123,0
BRDA:1123,34,0,-
BRDA:1123,34,1,-
DA:1124,0
DA:1127,0
DA:1129,0
DA:1132,0
FN:1149,ERC721A._extraData
FNDA:4815,ERC721A._extraData
FN:1159,ERC721A._nextExtraData
FNDA:4815,ERC721A._nextExtraData
DA:1164,4815
DA:1165,4815
FN:1177,ERC721A._msgSenderERC721A
FNDA:0,ERC721A._msgSenderERC721A
DA:1178,0
FN:1184,ERC721A._toString
FNDA:0,ERC721A._toString
DA:1199,0
DA:1222,0
FNF:48
FNH:14
LF:150
LH:48
BRF:68
BRH:14
end_of_record
TN:
SF:src/traits/OnChainMultiTraits.sol
FN:17,OnChainMultiTraits.setAttribute
FNDA:514,OnChainMultiTraits.setAttribute
DA:21,258
FN:24,OnChainMultiTraits.setAttributes
FNDA:513,OnChainMultiTraits.setAttributes
DA:28,257
BRDA:28,0,0,-
BRDA:28,0,1,257
DA:29,0
DA:31,257
DA:32,514
FN:36,OnChainMultiTraits._setAttribute
FNDA:772,OnChainMultiTraits._setAttribute
DA:39,772
DA:40,772
DA:41,772
DA:42,772
DA:43,772
FN:47,OnChainMultiTraits.getLayerTraitJson
FNDA:4,OnChainMultiTraits.getLayerTraitJson
DA:52,4
DA:53,4
DA:54,4
DA:55,4
DA:56,4
DA:58,4
BRDA:58,1,0,-
BRDA:58,1,1,4
DA:59,4
DA:61,0
FN:64,OnChainMultiTraits.getLayerTraitJson
FNDA:1,OnChainMultiTraits.getLayerTraitJson
DA:69,1
DA:70,1
DA:71,1
DA:72,1
DA:73,1
DA:75,1
FN:78,OnChainMultiTraits.getAttributeJson
FNDA:0,OnChainMultiTraits.getAttributeJson
DA:83,4
DA:87,4
FN:90,OnChainMultiTraits.getAttributeJson
FNDA:0,OnChainMultiTraits.getAttributeJson
DA:94,1
DA:101,1
FN:104,OnChainMultiTraits.displayTypeJson
FNDA:2,OnChainMultiTraits.displayTypeJson
DA:109,2
FN:112,OnChainMultiTraits._getAttributeJson
FNDA:5,OnChainMultiTraits._getAttributeJson
DA:117,5
DA:118,5
BRDA:118,2,0,-
BRDA:118,2,1,-
DA:119,2
DA:120,2
BRDA:120,3,0,-
BRDA:120,3,1,2
DA:121,0
DA:122,2
BRDA:122,4,0,2
BRDA:122,4,1,-
DA:123,2
DA:124,0
BRDA:124,5,0,-
BRDA:124,5,1,-
DA:125,0
DA:126,0
BRDA:126,6,0,-
BRDA:126,6,1,-
DA:127,0
DA:129,2
DA:131,5
DA:135,5
FNF:9
FNH:7
LF:43
LH:36
BRF:14
BRH:4
end_of_record
TN:
SF:src/traits/OnChainTraits.sol
FN:13,OnChainTraits.setAttribute
FNDA:2057,OnChainTraits.setAttribute
DA:17,1801
FN:20,OnChainTraits.setAttributes
FNDA:514,OnChainTraits.setAttributes
DA:24,258
BRDA:24,0,0,1
BRDA:24,0,1,257
DA:25,1
DA:27,257
DA:28,514
FN:32,OnChainTraits.getLayerTraitJson
FNDA:7,OnChainTraits.getLayerTraitJson
DA:37,1288
DA:38,1288
FN:41,OnChainTraits.getLayerTraitJson
FNDA:1,OnChainTraits.getLayerTraitJson
DA:46,519
DA:47,519
FN:50,OnChainTraits._getAttributeJson
FNDA:2321,OnChainTraits._getAttributeJson
DA:55,2321
DA:59,2321
FN:62,OnChainTraits._getAttributeJson
FNDA:519,OnChainTraits._getAttributeJson
DA:66,519
DA:73,519
FN:76,OnChainTraits.displayTypeJson
FNDA:280,OnChainTraits.displayTypeJson
DA:81,280
FN:84,OnChainTraits._getAttributeJson
FNDA:2845,OnChainTraits._getAttributeJson
DA:89,2845
DA:90,2845
BRDA:90,1,0,2
BRDA:90,1,1,2
DA:91,280
DA:92,280
BRDA:92,2,0,273
BRDA:92,2,1,7
DA:93,273
DA:94,7
BRDA:94,3,0,3
BRDA:94,3,1,4
DA:95,3
DA:96,4
BRDA:96,4,0,2
BRDA:96,4,1,2
DA:97,2
DA:98,2
BRDA:98,5,0,2
BRDA:98,5,1,2
DA:99,2
DA:101,280
DA:103,2845
DA:107,2845
FNF:8
FNH:8
LF:28
LH:28
BRF:12
BRH:12
end_of_record
TN:
SF:src/traits/RandomTraits.sol
FN:50,RandomTraits.setLayerTypeDistribution
FNDA:1285,RandomTraits.setLayerTypeDistribution
DA:54,1029
FN:64,RandomTraits.setLayerTypeDistributions
FNDA:2,RandomTraits.setLayerTypeDistributions
DA:68,2
BRDA:68,0,0,1
BRDA:68,0,1,1
DA:69,1
DA:71,1
DA:72,8
FN:84,RandomTraits.getLayerSeed
FNDA:601,RandomTraits.getLayerSeed
DA:97,601
FN:114,RandomTraits.getLayerId
FNDA:521,RandomTraits.getLayerId
DA:115,521
FN:125,RandomTraits.getLayerId
FNDA:599,RandomTraits.getLayerId
DA:131,599
BRDA:131,1,0,4
BRDA:131,1,1,595
DA:132,4
DA:134,595
DA:135,595
DA:136,595
DA:139,595
FN:171,RandomTraits.getLayerId
FNDA:1112,RandomTraits.getLayerId
DA:262,1110
BRDA:262,2,0,2
DA:263,21
BRDA:263,3,0,2
DA:266,21
BRDA:266,4,0,2
DA:270,19
FN:276,RandomTraits._setLayerTypeDistribution
FNDA:1037,RandomTraits._setLayerTypeDistribution
DA:280,1037
BRDA:280,5,0,256
BRDA:280,5,1,781
DA:281,256
DA:283,781
FNF:7
FNH:7
LF:20
LH:20
BRF:9
BRH:9
end_of_record
TN:
SF:src/traits/RandomTraitsImpl.sol
FN:10,RandomTraitsImpl.getLayerType
FNDA:72,RandomTraitsImpl.getLayerType
DA:17,609
DA:21,609
DA:22,609
BRDA:22,0,0,12
DA:23,12
FNF:1
FNH:1
LF:4
LH:4
BRF:1
BRH:1
end_of_record
TN:
SF:src/vrf/BatchVRFConsumer.sol
FN:88,BatchVRFConsumer.setForceUnsafeReveal
FNDA:94,BatchVRFConsumer.setForceUnsafeReveal
DA:89,93
FN:96,BatchVRFConsumer.setKeyHash
FNDA:3,BatchVRFConsumer.setKeyHash
DA:97,2
FN:103,BatchVRFConsumer.setSubscriptionId
FNDA:3,BatchVRFConsumer.setSubscriptionId
DA:104,2
FN:110,BatchVRFConsumer.setCoordinator
FNDA:3,BatchVRFConsumer.setCoordinator
DA:111,2
FN:117,BatchVRFConsumer.clearPendingReveal
FNDA:257,BatchVRFConsumer.clearPendingReveal
DA:118,1
FN:124,BatchVRFConsumer.requestRandomWords
FNDA:273,BatchVRFConsumer.requestRandomWords
DA:125,273
BRDA:125,0,0,1
BRDA:125,0,1,272
DA:126,1
DA:128,272
DA:129,270
BRDA:129,1,0,1
BRDA:129,1,1,269
DA:130,1
DA:134,269
DA:141,269
DA:142,269
FN:148,BatchVRFConsumer.getRandomnessForTokenId
FNDA:514,BatchVRFConsumer.getRandomnessForTokenId
DA:153,514
FN:162,BatchVRFConsumer.getRandomnessForTokenIdFromSeed
FNDA:1119,BatchVRFConsumer.getRandomnessForTokenIdFromSeed
DA:168,1119
DA:169,1119
DA:170,1119
DA:175,1119
FN:190,BatchVRFConsumer.rawFulfillRandomWords
FNDA:521,BatchVRFConsumer.rawFulfillRandomWords
DA:194,521
BRDA:194,2,0,256
BRDA:194,2,1,265
DA:195,256
DA:197,265
FN:214,BatchVRFConsumer.fulfillRandomWords
FNDA:265,BatchVRFConsumer.fulfillRandomWords
DA:218,265
DA:219,154
DA:220,154
DA:223,154
DA:224,154
DA:226,154
BRDA:226,3,0,154
BRDA:226,3,1,154
DA:228,154
DA:231,154
DA:232,154
BRDA:232,4,0,131
BRDA:232,4,1,154
DA:233,131
DA:236,154
DA:237,154
DA:239,154
DA:242,154
DA:243,891
DA:248,891
BRDA:248,5,0,267
BRDA:248,5,1,891
DA:249,267
DA:257,891
DA:261,154
DA:262,154
DA:263,154
FN:271,BatchVRFConsumer._checkAndReturnNumBatches
FNDA:793,BatchVRFConsumer._checkAndReturnNumBatches
DA:277,793
DA:279,793
DA:282,793
DA:284,793
BRDA:284,6,0,42
BRDA:284,6,1,751
DA:285,42
DA:289,751
DA:292,751
DA:294,751
DA:300,751
BRDA:299,7,0,212
BRDA:299,7,1,539
DA:303,212
DA:306,539
BRDA:306,8,0,43
BRDA:306,8,1,539
DA:307,43
DA:310,539
FNF:11
FNH:11
LF:55
LH:55
BRF:18
BRH:18
end_of_record
TN:
SF:test/BoundLayerable.t.sol
FN:15,MockLayerable.getTokenURI
FNDA:1,MockLayerable.getTokenURI
DA:22,1
FNF:1
FNH:1
LF:1
LH:1
BRF:0
BRH:0
end_of_record
TN:
SF:test/TokenBulkBurn.t.sol
FN:18,TokenImpl.setBoundLayersBulkNoCalldataOverhead
FNDA:1,TokenImpl.setBoundLayersBulkNoCalldataOverhead
DA:21,1
DA:22,5555
DA:24,5555
FNF:1
FNH:1
LF:3
LH:3
BRF:0
BRH:0
end_of_record
TN:
SF:test/helpers/StringTestUtility.sol
FN:5,StringTestUtility.startsWith
FNDA:0,StringTestUtility.startsWith
DA:10,0
DA:11,0
DA:12,0
BRDA:12,0,0,-
BRDA:12,0,1,-
DA:13,0
DA:15,0
DA:16,0
BRDA:16,1,0,-
BRDA:16,1,1,-
DA:17,0
DA:20,0
FN:23,StringTestUtility.endsWith
FNDA:0,StringTestUtility.endsWith
DA:28,0
DA:29,0
DA:30,0
BRDA:30,2,0,-
BRDA:30,2,1,-
DA:31,0
DA:33,0
DA:35,0
BRDA:34,3,0,-
BRDA:34,3,1,-
DA:38,0
DA:41,0
FN:44,StringTestUtility.countChar
FNDA:0,StringTestUtility.countChar
DA:49,0
DA:50,0
DA:51,0
DA:52,0
BRDA:52,4,0,-
BRDA:52,4,1,-
DA:53,0
DA:56,0
FN:59,StringTestUtility.contains
FNDA:0,StringTestUtility.contains
DA:64,0
DA:65,0
DA:66,0
BRDA:66,5,0,-
BRDA:66,5,1,-
DA:67,0
DA:69,0
DA:70,0
DA:71,0
DA:72,0
BRDA:72,6,0,-
BRDA:72,6,1,-
DA:73,0
DA:75,0
DA:76,0
DA:77,0
BRDA:77,7,0,-
BRDA:77,7,1,-
DA:78,0
DA:81,0
FN:84,StringTestUtility.contains
FNDA:0,StringTestUtility.contains
DA:89,0
FN:92,StringTestUtility.splice
FNDA:0,StringTestUtility.splice
DA:97,0
DA:98,0
DA:99,0
DA:100,0
DA:101,0
DA:103,0
FN:106,StringTestUtility.equals
FNDA:0,StringTestUtility.equals
DA:111,0
FNF:7
FNH:0
LF:44
LH:0
BRF:16
BRH:0
end_of_record
TN:
SF:test/metadata/ImageLayerable.t.sol
FN:33,ImageLayerableImpl.setBindings
FNDA:258,ImageLayerableImpl.setBindings
DA:34,258
FN:37,ImageLayerableImpl.setActiveLayers
FNDA:2,ImageLayerableImpl.setActiveLayers
DA:38,2
FN:41,ImageLayerableImpl.setPackedBatchRandomness
FNDA:258,ImageLayerableImpl.setPackedBatchRandomness
DA:42,258
FN:45,ImageLayerableImpl.tokenJson
FNDA:776,ImageLayerableImpl.tokenJson
DA:51,776
FN:61,ImageLayerableImpl.tokenURI
FNDA:4,ImageLayerableImpl.tokenURI
DA:67,4
FN:77,ImageLayerableImpl.getWidth
FNDA:1,ImageLayerableImpl.getWidth
DA:78,1
FN:81,ImageLayerableImpl.getHeight
FNDA:1,ImageLayerableImpl.getHeight
DA:82,1
FN:85,ImageLayerableImpl.getDefaultURI
FNDA:1,ImageLayerableImpl.getDefaultURI
DA:86,1
FN:89,ImageLayerableImpl.getBaseLayerURI
FNDA:1,ImageLayerableImpl.getBaseLayerURI
DA:90,1
FN:93,ImageLayerableImpl.getExternalUrl
FNDA:1,ImageLayerableImpl.getExternalUrl
DA:94,1
FN:97,ImageLayerableImpl.getDescription
FNDA:1,ImageLayerableImpl.getDescription
DA:98,1
FN:118,InitializeTester.readSlot
FNDA:6,InitializeTester.readSlot
DA:120,6
FNF:12
FNH:12
LF:12
LH:12
BRF:0
BRH:0
end_of_record
TN:
SF:test/metadata/Layerable.t.sol
FN:30,LayerableImpl.setBindings
FNDA:0,LayerableImpl.setBindings
DA:31,0
FN:34,LayerableImpl.setActiveLayers
FNDA:0,LayerableImpl.setActiveLayers
DA:35,0
FN:38,LayerableImpl.setPackedBatchRandomness
FNDA:0,LayerableImpl.setPackedBatchRandomness
DA:39,0
FN:42,LayerableImpl.tokenURI
FNDA:0,LayerableImpl.tokenURI
DA:48,0
FNF:4
FNH:0
LF:4
LH:0
BRF:0
BRH:0
end_of_record
TN:
SF:test/traits/OnChainTraits.t.sol
FN:12,OnChainTraitsImpl.getAttributeJson
FNDA:5,OnChainTraitsImpl.getAttributeJson
DA:16,5
FNF:1
FNH:1
LF:1
LH:1
BRF:0
BRH:0
end_of_record
TN:
SF:test/traits/RandomTraits.t.sol
FN:25,RandomTraitsTestImpl.setPackedBatchRandomness
FNDA:512,RandomTraitsTestImpl.setPackedBatchRandomness
DA:26,512
FN:29,RandomTraitsTestImpl.getLayerTypeDistributions
FNDA:264,RandomTraitsTestImpl.getLayerTypeDistributions
DA:34,264
FN:37,RandomTraitsTestImpl.getLayerSeedPub
FNDA:6,RandomTraitsTestImpl.getLayerSeedPub
DA:42,6
FN:47,RandomTraitsTestImpl.getLayerIdPub
FNDA:517,RandomTraitsTestImpl.getLayerIdPub
DA:52,517
DA:53,517
FNF:4
FNH:4
LF:5
LH:5
BRF:0
BRH:0
end_of_record
TN:
SF:test/util/ERC721Recipient.sol
FN:7,ERC721Recipient.onERC721Received
FNDA:0,ERC721Recipient.onERC721Received
DA:13,0
FNF:1
FNH:0
LF:1
LH:0
BRF:0
BRH:0
end_of_record
TN:
SF:test/vrf/BatchVRFConsumer.t.sol
FN:40,BatchVRFConsumerImpl.getNumTokensPerRandomBatch
FNDA:512,BatchVRFConsumerImpl.getNumTokensPerRandomBatch
DA:41,512
FN:44,BatchVRFConsumerImpl.mintSets
FNDA:532,BatchVRFConsumerImpl.mintSets
DA:45,532
FN:48,BatchVRFConsumerImpl.setNextTokenId
FNDA:257,BatchVRFConsumerImpl.setNextTokenId
DA:49,257
FN:52,BatchVRFConsumerImpl.setRevealBatch
FNDA:777,BatchVRFConsumerImpl.setRevealBatch
DA:53,777
FN:56,BatchVRFConsumerImpl.getRevealBatch
FNDA:2,BatchVRFConsumerImpl.getRevealBatch
DA:57,2
FN:60,BatchVRFConsumerImpl._nextTokenId
FNDA:793,BatchVRFConsumerImpl._nextTokenId
DA:61,793
FN:64,BatchVRFConsumerImpl.setNextTokenIdWithBatch
FNDA:0,BatchVRFConsumerImpl.setNextTokenIdWithBatch
DA:65,532
FN:68,BatchVRFConsumerImpl.checkAndReturnNumBatches
FNDA:256,BatchVRFConsumerImpl.checkAndReturnNumBatches
DA:69,256
FN:72,BatchVRFConsumerImpl.getRandomnessForTokenIdPub
FNDA:513,BatchVRFConsumerImpl.getRandomnessForTokenIdPub
DA:77,514
FN:80,BatchVRFConsumerImpl.getRandomnessForBatchId
FNDA:1,BatchVRFConsumerImpl.getRandomnessForBatchId
DA:85,1
FN:89,BatchVRFConsumerImpl.setPackedBatchRandomness
FNDA:258,BatchVRFConsumerImpl.setPackedBatchRandomness
DA:90,258
FN:93,BatchVRFConsumerImpl.getRandomnessForTokenIdFromSeedPub
FNDA:1,BatchVRFConsumerImpl.getRandomnessForTokenIdFromSeedPub
DA:98,1
FNF:12
FNH:11
LF:12
LH:12
BRF:0
BRH:0
end_of_record
