TN:
SF:script/Deploy.s.sol
FN:22,Deploy.getLayerTypeStr
FNDA:0,Deploy.getLayerTypeStr
DA:27,0
DA:28,0
BRDA:28,0,0,-
BRDA:28,0,1,-
DA:29,0
DA:30,0
BRDA:30,1,0,-
BRDA:30,1,1,-
DA:31,0
DA:32,0
BRDA:32,2,0,-
BRDA:32,2,1,-
DA:33,0
DA:34,0
BRDA:34,3,0,-
BRDA:34,3,1,-
DA:35,0
DA:37,0
FN:41,Deploy.setUp
FNDA:0,Deploy.setUp
DA:42,0
FN:45,Deploy.run
FNDA:0,Deploy.run
DA:46,0
DA:47,0
DA:57,0
FNF:3
FNH:0
LF:14
LH:0
BRF:8
BRH:0
end_of_record
TN:
SF:script/DeployAndConfigureProxy.s.sol
FN:18,Deploy.setUp
FNDA:0,Deploy.setUp
DA:19,0
FN:22,Deploy.getLayerTypeStr
FNDA:0,Deploy.getLayerTypeStr
DA:27,0
DA:28,0
BRDA:28,0,0,-
BRDA:28,0,1,-
DA:29,0
DA:30,0
BRDA:30,1,0,-
BRDA:30,1,1,-
DA:31,0
DA:32,0
BRDA:32,2,0,-
BRDA:32,2,1,-
DA:33,0
DA:34,0
BRDA:34,3,0,-
BRDA:34,3,1,-
DA:35,0
DA:37,0
FN:41,Deploy.run
FNDA:0,Deploy.run
DA:42,0
DA:43,0
DA:44,0
DA:45,0
DA:46,0
DA:49,0
DA:51,0
DA:59,0
DA:68,0
DA:70,0
DA:72,0
DA:73,0
FNF:3
FNH:0
LF:23
LH:0
BRF:8
BRH:0
end_of_record
TN:
SF:script/UpdateMetadataBaseURI.s.sol
FN:18,Deploy.setUp
FNDA:0,Deploy.setUp
DA:19,0
FN:22,Deploy.getLayerTypeStr
FNDA:0,Deploy.getLayerTypeStr
DA:27,0
DA:28,0
BRDA:28,0,0,-
BRDA:28,0,1,-
DA:29,0
DA:30,0
BRDA:30,1,0,-
BRDA:30,1,1,-
DA:31,0
DA:32,0
BRDA:32,2,0,-
BRDA:32,2,1,-
DA:33,0
DA:34,0
BRDA:34,3,0,-
BRDA:34,3,1,-
DA:35,0
DA:37,0
FN:41,Deploy.run
FNDA:0,Deploy.run
DA:42,0
DA:44,0
DA:45,0
DA:46,0
DA:49,0
DA:51,0
DA:53,0
FNF:3
FNH:0
LF:18
LH:0
BRF:8
BRH:0
end_of_record
TN:
SF:script/UpgradeMetadataContract.s.sol
FN:21,Deploy.setUp
FNDA:0,Deploy.setUp
DA:22,0
FN:25,Deploy.run
FNDA:0,Deploy.run
DA:26,0
DA:27,0
DA:28,0
DA:30,0
DA:33,0
DA:34,0
DA:39,0
DA:42,0
DA:43,0
DA:44,0
DA:45,0
DA:46,0
FNF:2
FNH:0
LF:13
LH:0
BRF:0
BRH:0
end_of_record
TN:
SF:src/BoundLayerable.sol
FN:64,BoundLayerable.getBoundLayers
FNDA:2,BoundLayerable.getBoundLayers
DA:69,2
FN:73,BoundLayerable.getBoundLayerBitMap
FNDA:5,BoundLayerable.getBoundLayerBitMap
DA:79,5
FN:83,BoundLayerable.getActiveLayers
FNDA:3,BoundLayerable.getActiveLayers
DA:89,3
DA:90,3
FN:93,BoundLayerable._tokenURI
FNDA:0,BoundLayerable._tokenURI
DA:94,0
FN:109,BoundLayerable.setMetadataContract
FNDA:1,BoundLayerable.setMetadataContract
DA:113,1
FN:124,BoundLayerable.burnAndBindSingleAndSetActiveLayers
FNDA:0,BoundLayerable.burnAndBindSingleAndSetActiveLayers
DA:129,0
DA:130,0
FN:141,BoundLayerable.burnAndBindMultipleAndSetActiveLayers
FNDA:0,BoundLayerable.burnAndBindMultipleAndSetActiveLayers
DA:146,0
DA:147,0
FN:156,BoundLayerable.burnAndBindSingle
FNDA:6,BoundLayerable.burnAndBindSingle
DA:160,6
FN:169,BoundLayerable.burnAndBindMultiple
FNDA:6,BoundLayerable.burnAndBindMultiple
DA:173,6
FN:182,BoundLayerable.setActiveLayers
FNDA:5,BoundLayerable.setActiveLayers
DA:186,5
FN:189,BoundLayerable._burnAndBindMultiple
FNDA:6,BoundLayerable._burnAndBindMultiple
DA:194,6
BRDA:194,0,0,-
BRDA:194,0,1,6
DA:195,6
DA:199,6
BRDA:199,1,0,-
BRDA:199,1,1,6
DA:200,6
DA:202,6
DA:204,6
DA:208,6
DA:210,6
DA:212,6
DA:217,6
DA:218,6
DA:219,6
DA:220,6
DA:223,6
BRDA:223,2,0,26
BRDA:223,2,1,5
DA:224,6
DA:228,6
BRDA:228,3,0,26
BRDA:228,3,1,5
DA:229,6
DA:231,6
DA:235,6
DA:238,6
DA:239,6
BRDA:239,4,0,26
BRDA:239,4,1,5
DA:240,6
DA:243,6
DA:244,6
DA:245,6
DA:248,6
FN:251,BoundLayerable._burnAndBindSingle
FNDA:6,BoundLayerable._burnAndBindSingle
DA:257,6
BRDA:256,5,0,6
BRDA:256,5,1,6
DA:260,6
DA:264,6
DA:265,6
DA:271,6
BRDA:271,6,0,-
BRDA:271,6,1,5
DA:272,6
DA:274,6
DA:276,6
DA:281,6
BRDA:281,7,0,-
BRDA:281,7,1,5
DA:282,6
DA:284,6
DA:286,6
DA:288,6
DA:290,6
DA:291,6
BRDA:291,8,0,-
BRDA:291,8,1,5
DA:292,6
DA:295,6
DA:296,6
FN:299,BoundLayerable._setActiveLayers
FNDA:5,BoundLayerable._setActiveLayers
DA:304,5
BRDA:304,9,0,-
BRDA:304,9,1,5
DA:305,5
DA:308,5
BRDA:308,10,0,-
BRDA:308,10,1,5
DA:309,5
DA:313,5
BRDA:313,11,0,-
BRDA:313,11,1,5
DA:314,5
DA:318,5
DA:321,5
DA:324,5
DA:325,5
DA:329,5
DA:332,5
DA:337,5
DA:338,5
FN:341,BoundLayerable._setBoundLayersAndEmitEvent
FNDA:10,BoundLayerable._setBoundLayersAndEmitEvent
DA:345,10
DA:346,10
DA:347,10
FN:357,BoundLayerable._unpackLayersToBitMapAndCheckForDuplicates
FNDA:8,BoundLayerable._unpackLayersToBitMapAndCheckForDuplicates
FN:388,BoundLayerable._checkUnpackedIsSubsetOfBound
FNDA:9,BoundLayerable._checkUnpackedIsSubsetOfBound
DA:397,9
BRDA:397,12,0,2
FN:408,BoundLayerable._setMetadataContract
FNDA:1,BoundLayerable._setMetadataContract
DA:412,1
FN:420,BoundLayerable._setPlaceholderBinding
FNDA:1,BoundLayerable._setPlaceholderBinding
DA:421,1
FNF:18
FNH:15
LF:77
LH:72
BRF:25
BRH:17
end_of_record
TN:
SF:src/BoundLayerableVariations.sol
FN:67,BoundLayerableVariations.setActiveLayers
FNDA:0,BoundLayerableVariations.setActiveLayers
DA:72,0
BRDA:72,0,0,-
BRDA:72,0,1,-
DA:73,0
DA:75,0
BRDA:75,1,0,-
BRDA:75,1,1,-
DA:76,0
DA:80,0
DA:83,0
DA:84,0
DA:86,0
DA:89,0
DA:92,0
DA:96,0
DA:97,0
FN:141,BoundLayerableVariations.burnAndBindSingle
FNDA:0,BoundLayerableVariations.burnAndBindSingle
DA:147,0
BRDA:146,2,0,-
BRDA:146,2,1,-
DA:150,0
DA:152,0
DA:154,0
BRDA:154,3,0,-
BRDA:154,3,1,-
DA:155,0
DA:157,0
DA:159,0
BRDA:159,4,0,-
BRDA:159,4,1,-
DA:160,0
DA:162,0
DA:164,0
DA:166,0
DA:168,0
DA:169,0
BRDA:169,5,0,-
BRDA:169,5,1,-
DA:170,0
DA:173,0
DA:174,0
FN:177,BoundLayerableVariations.getActiveVariation
FNDA:0,BoundLayerableVariations.getActiveVariation
DA:182,0
BRDA:182,6,0,-
BRDA:182,6,1,-
DA:183,0
DA:185,0
DA:186,0
DA:187,0
DA:189,0
DA:192,0
BRDA:192,7,0,-
BRDA:192,7,1,-
DA:193,0
DA:195,0
DA:198,0
BRDA:198,8,0,-
BRDA:198,8,1,-
DA:199,0
DA:201,0
FN:210,BoundLayerableVariations.burnAndBindMultiple
FNDA:0,BoundLayerableVariations.burnAndBindMultiple
DA:214,0
BRDA:214,9,0,-
BRDA:214,9,1,-
DA:215,0
DA:217,0
BRDA:217,10,0,-
BRDA:217,10,1,-
DA:218,0
DA:221,0
DA:222,0
DA:224,0
DA:226,0
DA:229,0
DA:230,0
DA:231,0
DA:232,0
BRDA:232,11,0,-
BRDA:232,11,1,-
DA:233,0
DA:235,0
BRDA:235,12,0,-
BRDA:235,12,1,-
DA:236,0
DA:238,0
DA:240,0
DA:241,0
BRDA:241,13,0,-
BRDA:241,13,1,-
DA:242,0
DA:244,0
DA:246,0
DA:247,0
DA:250,0
FN:253,BoundLayerableVariations._checkForMultipleVariations
FNDA:0,BoundLayerableVariations._checkForMultipleVariations
DA:257,0
FNF:5
FNH:0
LF:64
LH:0
BRF:28
BRH:0
end_of_record
TN:
SF:src/Renderer.sol
FN:97,Renderer.render
FNDA:0,Renderer.render
DA:98,0
DA:99,0
DA:101,0
DA:103,0
DA:104,0
DA:105,0
DA:107,0
DA:108,0
DA:109,0
BRDA:109,0,0,-
BRDA:109,0,1,-
DA:110,0
DA:112,0
BRDA:112,1,0,-
BRDA:112,1,1,-
DA:113,0
DA:115,0
BRDA:115,2,0,-
BRDA:115,2,1,-
DA:116,0
DA:118,0
DA:126,0
DA:127,0
DA:128,0
DA:134,0
FN:137,Renderer.example
FNDA:0,Renderer.example
DA:138,0
FNF:2
FNH:0
LF:20
LH:0
BRF:6
BRH:0
end_of_record
TN:
SF:src/SVG.sol
FN:10,svg.g
FNDA:0,svg.g
DA:15,0
FN:18,svg.path
FNDA:0,svg.path
DA:23,0
FN:26,svg.text
FNDA:0,svg.text
DA:31,0
FN:34,svg.line
FNDA:0,svg.line
DA:39,0
FN:42,svg.circle
FNDA:0,svg.circle
DA:47,0
FN:50,svg.circle
FNDA:0,svg.circle
DA:55,0
FN:58,svg.rect
FNDA:0,svg.rect
DA:63,0
FN:66,svg.rect
FNDA:0,svg.rect
DA:67,0
FN:70,svg.filter
FNDA:0,svg.filter
DA:75,0
FN:78,svg.cdata
FNDA:0,svg.cdata
DA:83,0
FN:87,svg.radialGradient
FNDA:0,svg.radialGradient
DA:92,0
FN:95,svg.linearGradient
FNDA:0,svg.linearGradient
DA:100,0
FN:103,svg.gradientStop
FNDA:0,svg.gradientStop
DA:108,0
FN:121,svg.animateTransform
FNDA:0,svg.animateTransform
DA:126,0
FN:129,svg.image
FNDA:0,svg.image
DA:134,0
FN:139,svg.el
FNDA:0,svg.el
DA:144,0
FN:159,svg.el
FNDA:0,svg.el
DA:164,0
FN:168,svg.prop
FNDA:0,svg.prop
DA:173,0
FNF:18
FNH:0
LF:18
LH:0
BRF:0
BRH:0
end_of_record
TN:
SF:src/Utils.sol
FN:10,utils.setCssVar
FNDA:0,utils.setCssVar
DA:15,0
FN:19,utils.getCssVar
FNDA:0,utils.getCssVar
DA:24,0
FN:28,utils.getDefURL
FNDA:0,utils.getDefURL
DA:33,0
FN:37,utils.white_a
FNDA:0,utils.white_a
DA:38,0
FN:42,utils.black_a
FNDA:0,utils.black_a
DA:43,0
FN:47,utils.rgba
FNDA:0,utils.rgba
DA:53,0
DA:56,0
FN:71,utils.stringsEqual
FNDA:0,utils.stringsEqual
DA:76,0
FN:80,utils.utfStringLength
FNDA:0,utils.utfStringLength
DA:85,0
DA:86,0
DA:88,0
DA:89,0
BRDA:89,0,0,-
BRDA:89,0,1,-
DA:90,0
BRDA:90,1,0,-
BRDA:90,1,1,-
DA:91,0
BRDA:91,2,0,-
BRDA:91,2,1,-
DA:92,0
BRDA:92,3,0,-
BRDA:92,3,1,-
DA:93,0
DA:94,0
DA:96,0
FN:101,utils.uint2str
FNDA:0,utils.uint2str
DA:106,0
BRDA:106,4,0,-
BRDA:106,4,1,-
DA:107,0
DA:109,0
DA:110,0
DA:111,0
DA:112,0
DA:113,0
DA:115,0
DA:116,0
DA:117,0
DA:118,0
DA:119,0
DA:120,0
DA:121,0
DA:122,0
DA:124,0
FNF:9
FNH:0
LF:34
LH:0
BRF:10
BRH:0
end_of_record
TN:
SF:src/examples/BoundLayerableFirstComposedCutoff.sol
FN:43,BoundLayerableFirstComposedCutoff._setActiveLayers
FNDA:1,BoundLayerableFirstComposedCutoff._setActiveLayers
DA:47,1
DA:48,1
DA:49,1
BRDA:49,0,0,1
BRDA:49,0,1,1
DA:50,1
DA:52,1
DA:53,1
FN:57,BoundLayerableFirstComposedCutoff.getBoundLayerBitMap
FNDA:0,BoundLayerableFirstComposedCutoff.getBoundLayerBitMap
DA:64,0
DA:65,0
DA:67,0
BRDA:67,1,0,5
BRDA:67,1,1,-
DA:68,0
DA:71,0
DA:72,0
DA:75,0
FN:96,BoundLayerableFirstComposedCutoff._extraData
FNDA:0,BoundLayerableFirstComposedCutoff._extraData
DA:101,0
FNF:3
FNH:1
LF:14
LH:6
BRF:4
BRH:3
end_of_record
TN:
SF:src/implementations/BoundLayerableFirstComposedCutoffImpl.sol
FN:42,BoundLayerableFirstComposedCutoffImpl.setPackedBatchRandomness
FNDA:5,BoundLayerableFirstComposedCutoffImpl.setPackedBatchRandomness
DA:43,5
FN:46,BoundLayerableFirstComposedCutoffImpl.mint
FNDA:5,BoundLayerableFirstComposedCutoffImpl.mint
DA:47,5
DA:48,5
FN:51,BoundLayerableFirstComposedCutoffImpl.setBoundLayers
FNDA:5,BoundLayerableFirstComposedCutoffImpl.setBoundLayers
DA:52,5
FN:55,BoundLayerableFirstComposedCutoffImpl.setBoundLayersBulk
FNDA:5,BoundLayerableFirstComposedCutoffImpl.setBoundLayersBulk
DA:59,5
DA:60,5
FN:65,BoundLayerableFirstComposedCutoffImpl._extraData
FNDA:5,BoundLayerableFirstComposedCutoffImpl._extraData
DA:76,5
FNF:5
FNH:5
LF:7
LH:7
BRF:0
BRH:0
end_of_record
TN:
SF:src/implementations/BoundLayerableSnapshotImpl.sol
FN:28,BoundLayerableSnapshotImpl.setPackedBatchRandomness
FNDA:8,BoundLayerableSnapshotImpl.setPackedBatchRandomness
DA:29,8
FN:32,BoundLayerableSnapshotImpl.mint
FNDA:5,BoundLayerableSnapshotImpl.mint
DA:33,5
DA:34,5
FN:37,BoundLayerableSnapshotImpl.setBoundLayers
FNDA:8,BoundLayerableSnapshotImpl.setBoundLayers
DA:38,8
FN:41,BoundLayerableSnapshotImpl.setBoundLayersBulk
FNDA:5,BoundLayerableSnapshotImpl.setBoundLayersBulk
DA:45,5
DA:46,5
FNF:4
FNH:4
LF:6
LH:6
BRF:0
BRH:0
end_of_record
TN:
SF:src/implementations/BoundLayerableTestImpl.sol
FN:12,BoundLayerableTestImpl.getLayerType
FNDA:30,BoundLayerableTestImpl.getLayerType
DA:19,30
FN:22,BoundLayerableTestImpl.checkUnpackedIsSubsetOfBound
FNDA:30,BoundLayerableTestImpl.checkUnpackedIsSubsetOfBound
DA:26,30
FN:29,BoundLayerableTestImpl.unpackLayersToBitMapAndCheckForDuplicates
FNDA:30,BoundLayerableTestImpl.unpackLayersToBitMapAndCheckForDuplicates
DA:34,30
FN:37,BoundLayerableTestImpl.getActiveLayersRaw
FNDA:30,BoundLayerableTestImpl.getActiveLayersRaw
DA:42,30
FN:45,BoundLayerableTestImpl.getLayerId
FNDA:37,BoundLayerableTestImpl.getLayerId
DA:51,37
DA:52,37
FN:55,BoundLayerableTestImpl.getLayerId
FNDA:37,BoundLayerableTestImpl.getLayerId
DA:61,37
DA:62,37
FN:65,BoundLayerableTestImpl.isBurned
FNDA:30,BoundLayerableTestImpl.isBurned
DA:66,30
FNF:7
FNH:7
LF:9
LH:9
BRF:0
BRH:0
end_of_record
TN:
SF:src/implementations/BoundLayerableVariationsTestImpl.sol
FN:34,BoundLayerableVariationsTestImpl.setPackedBatchRandomness
FNDA:0,BoundLayerableVariationsTestImpl.setPackedBatchRandomness
DA:35,0
FN:38,BoundLayerableVariationsTestImpl.getLayerType
FNDA:0,BoundLayerableVariationsTestImpl.getLayerType
DA:45,0
FN:49,BoundLayerableVariationsTestImpl.removeVariations
FNDA:0,BoundLayerableVariationsTestImpl.removeVariations
DA:50,0
FN:53,BoundLayerableVariationsTestImpl.getVariations
FNDA:0,BoundLayerableVariationsTestImpl.getVariations
DA:54,0
FN:57,BoundLayerableVariationsTestImpl.checkUnpackedIsSubsetOfBound
FNDA:0,BoundLayerableVariationsTestImpl.checkUnpackedIsSubsetOfBound
DA:61,0
FN:64,BoundLayerableVariationsTestImpl.checkForMultipleVariations
FNDA:0,BoundLayerableVariationsTestImpl.checkForMultipleVariations
DA:68,0
FN:71,BoundLayerableVariationsTestImpl.unpackLayersToBitMapAndCheckForDuplicates
FNDA:0,BoundLayerableVariationsTestImpl.unpackLayersToBitMapAndCheckForDuplicates
DA:76,0
FN:79,BoundLayerableVariationsTestImpl.getActiveLayersRaw
FNDA:0,BoundLayerableVariationsTestImpl.getActiveLayersRaw
DA:80,0
FN:83,BoundLayerableVariationsTestImpl.mint
FNDA:0,BoundLayerableVariationsTestImpl.mint
DA:84,0
DA:85,0
FN:88,BoundLayerableVariationsTestImpl.getLayerId
FNDA:0,BoundLayerableVariationsTestImpl.getLayerId
DA:94,0
DA:95,0
FN:98,BoundLayerableVariationsTestImpl.getLayerId
FNDA:0,BoundLayerableVariationsTestImpl.getLayerId
DA:104,0
DA:105,0
FN:108,BoundLayerableVariationsTestImpl.isBurned
FNDA:0,BoundLayerableVariationsTestImpl.isBurned
DA:109,0
FN:112,BoundLayerableVariationsTestImpl.setBoundLayers
FNDA:0,BoundLayerableVariationsTestImpl.setBoundLayers
DA:113,0
FN:116,BoundLayerableVariationsTestImpl.setBoundLayersBulk
FNDA:0,BoundLayerableVariationsTestImpl.setBoundLayersBulk
DA:120,0
DA:121,0
FNF:14
FNH:0
LF:18
LH:0
BRF:0
BRH:0
end_of_record
TN:
SF:src/implementations/ClaimableImageLayerable.sol
FN:13,ClaimableImageLayerable.claimOwnership
FNDA:0,ClaimableImageLayerable.claimOwnership
DA:14,0
FN:17,ClaimableImageLayerable.grantOwnership
FNDA:0,ClaimableImageLayerable.grantOwnership
DA:18,0
FNF:2
FNH:0
LF:2
LH:0
BRF:0
BRH:0
end_of_record
TN:
SF:src/implementations/TestToken.sol
FN:31,TestToken.disableTrading
FNDA:17,TestToken.disableTrading
DA:32,17
BRDA:32,0,0,16
BRDA:32,0,1,1
DA:33,17
DA:36,17
DA:38,17
FN:41,TestToken._burnLayers
FNDA:17,TestToken._burnLayers
DA:43,17
DA:44,17
BRDA:44,1,0,5571
BRDA:44,1,1,1
DA:48,17
DA:51,17
FN:56,TestToken.tokenURI
FNDA:16,TestToken.tokenURI
DA:63,16
FN:66,TestToken.ownerOf
FNDA:16,TestToken.ownerOf
DA:67,16
FN:70,TestToken.mintSet
FNDA:16,TestToken.mintSet
DA:72,16
DA:73,16
FN:77,TestToken.mintSets
FNDA:16,TestToken.mintSets
DA:82,16
FNF:6
FNH:6
LF:13
LH:13
BRF:4
BRH:4
end_of_record
TN:
SF:src/implementations/TestnetToken.sol
FN:34,TestnetToken.tokenURI
FNDA:0,TestnetToken.tokenURI
DA:41,0
FN:44,TestnetToken.mintSet
FNDA:0,TestnetToken.mintSet
DA:45,0
DA:46,0
FN:50,TestnetToken.mintSets
FNDA:0,TestnetToken.mintSets
DA:55,0
FNF:3
FNH:0
LF:4
LH:0
BRF:0
BRH:0
end_of_record
TN:
SF:src/implementations/Token.sol
FN:61,TokenImpl.transferOwnership
FNDA:0,TokenImpl.transferOwnership
DA:66,0
FN:69,TokenImpl.tokenURI
FNDA:0,TokenImpl.tokenURI
DA:76,0
FN:79,TokenImpl.mintSet
FNDA:0,TokenImpl.mintSet
DA:80,0
DA:81,0
FN:85,TokenImpl.mintSets
FNDA:0,TokenImpl.mintSets
DA:90,0
FN:93,TokenImpl._numberMinted
FNDA:0,TokenImpl._numberMinted
DA:99,0
FNF:5
FNH:0
LF:6
LH:0
BRF:0
BRH:0
end_of_record
TN:
SF:src/lib/BitMapUtility.sol
FN:12,BitMapUtility.toBitMap
FNDA:0,BitMapUtility.toBitMap
DA:15,0
FN:25,BitMapUtility.intersect
FNDA:0,BitMapUtility.intersect
DA:32,0
FN:42,BitMapUtility.contains
FNDA:0,BitMapUtility.contains
DA:49,0
FN:59,BitMapUtility.isSupersetOf
FNDA:0,BitMapUtility.isSupersetOf
DA:66,0
FN:75,BitMapUtility.unpackBitMap
FNDA:0,BitMapUtility.unpackBitMap
DA:82,0
BRDA:82,0,0,-
DA:123,0
FN:152,BitMapUtility.uintsToBitMap
FNDA:0,BitMapUtility.uintsToBitMap
FN:182,BitMapUtility.msb
FNDA:0,BitMapUtility.msb
DA:185,0
BRDA:185,1,0,-
DA:186,0
DA:187,0
DA:189,0
BRDA:189,2,0,-
DA:190,0
DA:191,0
DA:193,0
BRDA:193,3,0,-
DA:194,0
DA:195,0
DA:197,0
BRDA:197,4,0,-
DA:198,0
DA:199,0
DA:201,0
BRDA:201,5,0,-
DA:202,0
DA:203,0
DA:205,0
BRDA:205,6,0,-
DA:206,0
DA:207,0
DA:209,0
BRDA:209,7,0,-
DA:210,0
DA:211,0
DA:213,0
BRDA:213,8,0,-
DA:215,0
FN:225,BitMapUtility.lsb
FNDA:0,BitMapUtility.lsb
DA:232,0
BRDA:232,9,0,-
DA:236,0
BRDA:236,10,0,-
DA:237,0
DA:238,0
DA:240,0
BRDA:240,11,0,-
DA:241,0
DA:242,0
DA:244,0
BRDA:244,12,0,-
DA:245,0
DA:246,0
DA:248,0
BRDA:248,13,0,-
DA:249,0
DA:250,0
DA:252,0
BRDA:252,14,0,-
DA:253,0
DA:254,0
DA:256,0
BRDA:256,15,0,-
DA:257,0
DA:258,0
DA:260,0
BRDA:260,16,0,-
DA:261,0
DA:262,0
DA:264,0
BRDA:264,17,0,-
DA:266,0
FNF:8
FNH:0
LF:53
LH:0
BRF:18
BRH:0
end_of_record
TN:
SF:src/lib/JSON.sol
FN:10,json.object
FNDA:0,json.object
DA:11,0
FN:19,json.array
FNDA:0,json.array
DA:20,0
FN:29,json.property
FNDA:0,json.property
DA:34,0
FN:43,json.rawProperty
FNDA:0,json.rawProperty
DA:48,0
FN:56,json.objectOf
FNDA:0,json.objectOf
DA:61,0
BRDA:61,0,0,-
BRDA:61,0,1,-
DA:62,0
DA:64,0
DA:65,0
DA:66,0
DA:68,0
FN:76,json.arrayOf
FNDA:0,json.arrayOf
DA:81,0
FN:90,json.arrayOf
FNDA:0,json.arrayOf
DA:95,0
BRDA:95,1,0,-
BRDA:95,1,1,-
DA:96,0
DA:97,0
BRDA:97,2,0,-
BRDA:97,2,1,-
DA:98,0
DA:100,0
FN:109,json.quote
FNDA:0,json.quote
DA:110,0
FN:118,json._commaJoin
FNDA:0,json._commaJoin
DA:123,0
FN:132,json._commaJoin
FNDA:0,json._commaJoin
DA:137,0
FN:146,json._join
FNDA:0,json._join
DA:151,0
BRDA:151,3,0,-
BRDA:151,3,1,-
DA:152,0
DA:154,0
DA:155,0
DA:156,0
DA:158,0
FNF:11
FNH:0
LF:25
LH:0
BRF:8
BRH:0
end_of_record
TN:
SF:src/lib/PackedByteUtility.sol
FN:13,PackedByteUtility.getPackedByteFromRight
FNDA:0,PackedByteUtility.getPackedByteFromRight
DA:20,0
FN:30,PackedByteUtility.getPackedByteFromLeft
FNDA:0,PackedByteUtility.getPackedByteFromLeft
DA:37,0
FN:46,PackedByteUtility.unpackBytesToBitMap
FNDA:0,PackedByteUtility.unpackBytesToBitMap
FN:75,PackedByteUtility.packArrayOfBytes
FNDA:0,PackedByteUtility.packArrayOfBytes
DA:84,0
BRDA:84,0,0,-
DA:85,0
FN:108,PackedByteUtility.unpackByteArray
FNDA:0,PackedByteUtility.unpackByteArray
DA:115,0
FN:145,PackedByteUtility.packByteAtIndex
FNDA:0,PackedByteUtility.packByteAtIndex
DA:157,0
DA:159,0
FN:164,PackedByteUtility.packArraysOfBytes
FNDA:0,PackedByteUtility.packArraysOfBytes
DA:169,0
DA:170,0
DA:173,0
DA:174,0
DA:176,0
DA:179,0
BRDA:179,1,0,-
BRDA:179,1,1,-
DA:180,0
DA:181,0
DA:182,0
DA:185,0
DA:188,0
BRDA:188,2,0,-
BRDA:188,2,1,-
DA:189,0
DA:192,0
FN:196,PackedByteUtility.unpackByteArrays
FNDA:0,PackedByteUtility.unpackByteArrays
DA:201,0
DA:202,0
DA:203,0
DA:204,0
DA:205,0
DA:206,0
DA:207,0
DA:211,0
BRDA:211,3,0,-
BRDA:211,3,1,-
DA:212,0
DA:214,0
DA:216,0
DA:219,0
BRDA:219,4,0,-
BRDA:219,4,1,-
DA:220,0
DA:223,0
DA:226,0
FNF:8
FNH:0
LF:35
LH:0
BRF:9
BRH:0
end_of_record
TN:
SF:src/metadata/ImageLayerable.sol
FN:36,ImageLayerable.initialize
FNDA:1,ImageLayerable.initialize
DA:42,1
DA:43,1
FN:46,ImageLayerable._initialize
FNDA:1,ImageLayerable._initialize
DA:51,1
BRDA:51,0,0,1
BRDA:51,0,1,-
DA:52,1
DA:54,1
DA:55,1
DA:56,1
FN:59,ImageLayerable.setWidth
FNDA:1,ImageLayerable.setWidth
DA:60,1
FN:63,ImageLayerable.setHeight
FNDA:1,ImageLayerable.setHeight
DA:64,1
FN:68,ImageLayerable.setDefaultURI
FNDA:1,ImageLayerable.setDefaultURI
DA:69,1
FN:73,ImageLayerable.setBaseLayerURI
FNDA:1,ImageLayerable.setBaseLayerURI
DA:74,1
FN:85,ImageLayerable._getRawTokenJson
FNDA:9,ImageLayerable._getRawTokenJson
DA:92,9
BRDA:92,1,0,3
BRDA:92,1,1,6
DA:93,9
DA:97,9
BRDA:97,2,0,3
BRDA:97,2,1,6
DA:98,9
DA:100,9
FN:108,ImageLayerable._getRawLayerJson
FNDA:3,ImageLayerable._getRawLayerJson
DA:115,3
DA:116,3
DA:117,3
DA:118,3
DA:119,3
FN:132,ImageLayerable.getLayeredTokenImageURI
FNDA:1,ImageLayerable.getLayeredTokenImageURI
DA:139,1
DA:140,1
DA:141,1
DA:142,1
DA:155,1
FN:175,ImageLayerable.getLayerImageURI
FNDA:1,ImageLayerable.getLayerImageURI
DA:182,1
FN:186,ImageLayerable.getDefaultImageURI
FNDA:1,ImageLayerable.getDefaultImageURI
DA:193,1
FN:197,ImageLayerable._constructJson
FNDA:9,ImageLayerable._constructJson
DA:202,9
BRDA:202,3,0,7
BRDA:202,3,1,2
DA:203,9
DA:204,9
DA:206,9
DA:207,9
DA:209,9
FNF:12
FNH:12
LF:34
LH:34
BRF:8
BRH:7
end_of_record
TN:
SF:src/metadata/Layerable.sol
FN:26,Layerable.initialize
FNDA:1,Layerable.initialize
DA:27,1
FN:30,Layerable._initialize
FNDA:0,Layerable._initialize
DA:31,0
BRDA:31,0,0,-
BRDA:31,0,1,-
DA:32,0
DA:34,0
FN:45,Layerable.getTokenURI
FNDA:4,Layerable.getTokenURI
DA:52,4
FN:68,Layerable.getTokenJson
FNDA:4,Layerable.getTokenJson
DA:74,4
FN:77,Layerable.getLayerJson
FNDA:0,Layerable.getLayerJson
DA:83,0
FN:114,Layerable.getBoundLayerTraits
FNDA:0,Layerable.getBoundLayerTraits
DA:119,0
FN:123,Layerable.getActiveLayerTraits
FNDA:0,Layerable.getActiveLayerTraits
DA:128,0
FN:132,Layerable.getBoundAndActiveLayerTraits
FNDA:1,Layerable.getBoundAndActiveLayerTraits
DA:136,1
DA:137,1
DA:138,1
FN:142,Layerable._getBoundLayerTraits
FNDA:4,Layerable._getBoundLayerTraits
DA:147,4
DA:149,4
DA:150,4
DA:151,4
DA:153,4
DA:159,4
FN:164,Layerable._getActiveLayerTraits
FNDA:4,Layerable._getActiveLayerTraits
DA:169,4
DA:170,4
DA:171,4
FNF:10
FNH:6
LF:21
LH:15
BRF:2
BRH:0
end_of_record
TN:
SF:src/token/ERC721A.sol
FN:154,ERC721A._startTokenId
FNDA:4840,ERC721A._startTokenId
DA:155,4840
FN:161,ERC721A._nextTokenId
FNDA:1,ERC721A._nextTokenId
DA:162,1
FN:170,ERC721A.totalSupply
FNDA:0,ERC721A.totalSupply
DA:174,0
FN:181,ERC721A._totalMinted
FNDA:0,ERC721A._totalMinted
DA:185,0
FN:192,ERC721A._totalBurned
FNDA:0,ERC721A._totalBurned
DA:193,0
FN:203,ERC721A.balanceOf
FNDA:0,ERC721A.balanceOf
DA:210,0
BRDA:210,0,0,-
BRDA:210,0,1,-
DA:211,0
FN:217,ERC721A._numberMinted
FNDA:0,ERC721A._numberMinted
DA:223,0
FN:231,ERC721A._numberBurned
FNDA:0,ERC721A._numberBurned
DA:232,0
FN:240,ERC721A._getAux
FNDA:0,ERC721A._getAux
DA:241,0
FN:248,ERC721A._setAux
FNDA:0,ERC721A._setAux
DA:249,0
DA:250,0
DA:253,0
DA:255,0
DA:258,0
FN:273,ERC721A.supportsInterface
FNDA:0,ERC721A.supportsInterface
DA:284,0
FN:297,ERC721A.name
FNDA:0,ERC721A.name
DA:298,0
FN:304,ERC721A.symbol
FNDA:0,ERC721A.symbol
DA:305,0
FN:311,ERC721A.tokenURI
FNDA:0,ERC721A.tokenURI
DA:318,0
BRDA:318,1,0,-
BRDA:318,1,1,-
DA:320,0
DA:321,0
FN:332,ERC721A._baseURI
FNDA:0,ERC721A._baseURI
DA:333,0
FN:347,ERC721A.ownerOf
FNDA:0,ERC721A.ownerOf
DA:354,0
FN:361,ERC721A._ownershipOf
FNDA:0,ERC721A._ownershipOf
DA:367,0
FN:373,ERC721A._ownershipAt
FNDA:0,ERC721A._ownershipAt
DA:379,0
FN:385,ERC721A._initializeOwnershipAt
FNDA:0,ERC721A._initializeOwnershipAt
DA:386,0
BRDA:386,2,0,-
BRDA:386,2,1,-
DA:387,0
FN:394,ERC721A._packedOwnershipOf
FNDA:4840,ERC721A._packedOwnershipOf
DA:399,4840
DA:402,4840
BRDA:402,3,0,4840
BRDA:402,3,1,-
DA:403,4840
BRDA:403,4,0,4840
BRDA:403,4,1,-
DA:404,4840
DA:406,4840
BRDA:406,5,0,4840
BRDA:406,5,1,-
DA:416,4840
DA:417,4840
DA:419,4840
DA:423,4840
FN:429,ERC721A._unpackedOwnership
FNDA:0,ERC721A._unpackedOwnership
DA:434,0
DA:435,0
DA:436,0
DA:437,0
FN:443,ERC721A._packOwnershipData
FNDA:4793,ERC721A._packOwnershipData
DA:450,4793
DA:452,4793
FN:462,ERC721A._nextInitializedFlag
FNDA:1,ERC721A._nextInitializedFlag
DA:470,1
FN:492,ERC721A.approve
FNDA:0,ERC721A.approve
DA:493,0
DA:495,0
BRDA:495,6,0,-
BRDA:495,6,1,-
DA:496,0
BRDA:496,7,0,-
BRDA:496,7,1,-
DA:497,0
DA:500,0
DA:501,0
FN:511,ERC721A.getApproved
FNDA:0,ERC721A.getApproved
DA:518,0
BRDA:518,8,0,-
BRDA:518,8,1,-
DA:520,0
FN:534,ERC721A.setApprovalForAll
FNDA:0,ERC721A.setApprovalForAll
DA:539,0
BRDA:539,9,0,-
BRDA:539,9,1,-
DA:541,0
DA:542,0
FN:550,ERC721A.isApprovedForAll
FNDA:0,ERC721A.isApprovedForAll
DA:557,0
FN:567,ERC721A._exists
FNDA:0,ERC721A._exists
DA:568,0
FN:577,ERC721A._isSenderApprovedOrOwner
FNDA:0,ERC721A._isSenderApprovedOrOwner
DA:584,0
DA:586,0
DA:588,0
FN:595,ERC721A._getApprovedSlotAndAddress
FNDA:4792,ERC721A._getApprovedSlotAndAddress
DA:600,4792
DA:603,4792
DA:604,4792
FN:625,ERC721A.transferFrom
FNDA:0,ERC721A.transferFrom
DA:630,0
DA:632,0
BRDA:632,10,0,-
BRDA:632,10,1,-
DA:633,0
DA:635,0
DA:638,0
DA:642,0
BRDA:641,11,0,-
BRDA:641,11,1,-
DA:648,0
BRDA:648,12,0,-
BRDA:648,12,1,-
DA:649,0
DA:651,0
BRDA:651,13,0,-
BRDA:651,13,1,-
DA:653,0
DA:657,0
BRDA:657,14,0,-
DA:668,0
DA:669,0
DA:676,0
DA:683,0
BRDA:683,15,0,-
BRDA:683,15,1,-
DA:684,0
DA:686,0
BRDA:686,16,0,-
BRDA:686,16,1,-
DA:688,0
BRDA:688,17,0,-
BRDA:688,17,1,-
DA:690,0
DA:696,0
DA:697,0
FN:703,ERC721A.safeTransferFrom
FNDA:0,ERC721A.safeTransferFrom
DA:708,0
FN:726,ERC721A.safeTransferFrom
FNDA:0,ERC721A.safeTransferFrom
DA:732,0
DA:733,0
BRDA:733,18,0,-
BRDA:733,18,1,-
DA:734,0
BRDA:734,19,0,-
BRDA:734,19,1,-
DA:735,0
FN:755,ERC721A._beforeTokenTransfers
FNDA:4793,ERC721A._beforeTokenTransfers
FN:778,ERC721A._afterTokenTransfers
FNDA:4793,ERC721A._afterTokenTransfers
FN:795,ERC721A._checkContractOnERC721Received
FNDA:0,ERC721A._checkContractOnERC721Received
DA:802,0
FN:837,ERC721A._mint
FNDA:1,ERC721A._mint
DA:838,1
DA:839,1
BRDA:839,20,0,-
BRDA:839,20,1,1
DA:841,1
DA:852,1
DA:861,1
DA:867,1
DA:868,1
DA:873,1
DA:893,1
BRDA:893,21,0,-
BRDA:893,21,1,1
DA:895,1
DA:897,1
FN:921,ERC721A._mintERC2309
FNDA:0,ERC721A._mintERC2309
DA:922,0
DA:923,0
BRDA:923,22,0,-
BRDA:923,22,1,-
DA:924,0
BRDA:924,23,0,-
BRDA:924,23,1,-
DA:925,0
BRDA:925,24,0,-
BRDA:925,24,1,-
DA:926,0
DA:928,0
DA:937,0
DA:946,0
DA:952,0
DA:959,0
DA:961,0
FN:977,ERC721A._safeMint
FNDA:0,ERC721A._safeMint
DA:982,0
DA:985,0
BRDA:985,25,0,-
BRDA:985,25,1,-
DA:986,0
DA:987,0
DA:999,0
BRDA:989,26,0,-
BRDA:989,26,1,-
DA:1001,0
BRDA:1001,27,0,-
BRDA:1001,27,1,-
FN:1009,ERC721A._safeMint
FNDA:0,ERC721A._safeMint
DA:1010,0
FN:1017,ERC721A._isBurned
FNDA:5,ERC721A._isBurned
DA:1018,5
FN:1024,ERC721A._burn
FNDA:4792,ERC721A._burn
DA:1025,4792
FN:1038,ERC721A._burn
FNDA:4792,ERC721A._burn
DA:1039,4792
DA:1041,4792
DA:1043,4792
DA:1046,4792
DA:1048,4792
BRDA:1048,28,0,-
BRDA:1048,28,1,4792
DA:1051,4792
BRDA:1050,29,0,-
BRDA:1050,29,1,4792
DA:1057,4792
BRDA:1057,30,0,-
BRDA:1057,30,1,4792
DA:1058,4792
DA:1061,4792
DA:1065,4792
BRDA:1065,31,0,-
DA:1081,4792
DA:1088,4792
DA:1095,4792
BRDA:1095,32,0,4778
BRDA:1095,32,1,4792
DA:1096,4792
DA:1098,4792
BRDA:1098,33,0,4778
BRDA:1098,33,1,4792
DA:1100,4792
BRDA:1100,34,0,4778
BRDA:1100,34,1,4792
DA:1102,4792
DA:1108,4792
DA:1109,4792
DA:1113,4792
FN:1117,ERC721A._setPackedOwnershipOf
FNDA:1,ERC721A._setPackedOwnershipOf
DA:1121,1
FN:1124,ERC721A._getPackedOwnershipOf
FNDA:1,ERC721A._getPackedOwnershipOf
DA:1130,1
FN:1140,ERC721A._getExtraDataAt
FNDA:5,ERC721A._getExtraDataAt
DA:1146,5
DA:1149,5
FN:1156,ERC721A._setExtraDataAt
FNDA:0,ERC721A._setExtraDataAt
DA:1157,0
DA:1158,0
BRDA:1158,35,0,-
BRDA:1158,35,1,-
DA:1159,0
DA:1162,0
DA:1164,0
DA:1167,0
FN:1184,ERC721A._extraData
FNDA:4779,ERC721A._extraData
FN:1194,ERC721A._nextExtraData
FNDA:4793,ERC721A._nextExtraData
DA:1199,4793
DA:1200,4793
FN:1212,ERC721A._msgSenderERC721A
FNDA:0,ERC721A._msgSenderERC721A
DA:1213,0
FN:1219,ERC721A._toString
FNDA:0,ERC721A._toString
DA:1230,0
DA:1261,0
FNF:51
FNH:17
LF:155
LH:56
BRF:70
BRH:14
end_of_record
TN:
SF:src/traits/OnChainMultiTraits.sol
FN:17,OnChainMultiTraits.setAttribute
FNDA:2,OnChainMultiTraits.setAttribute
DA:21,2
FN:24,OnChainMultiTraits.setAttributes
FNDA:1,OnChainMultiTraits.setAttributes
DA:28,1
BRDA:28,0,0,-
BRDA:28,0,1,1
DA:29,1
DA:31,1
DA:32,1
FN:36,OnChainMultiTraits._setAttribute
FNDA:4,OnChainMultiTraits._setAttribute
DA:39,4
DA:40,4
DA:41,4
DA:42,4
DA:43,4
FN:47,OnChainMultiTraits.getLayerTraitJson
FNDA:4,OnChainMultiTraits.getLayerTraitJson
DA:52,4
DA:53,4
DA:54,4
DA:55,4
DA:56,4
DA:58,4
BRDA:58,1,0,4
BRDA:58,1,1,-
DA:59,4
DA:61,4
FN:64,OnChainMultiTraits.getLayerTraitJson
FNDA:1,OnChainMultiTraits.getLayerTraitJson
DA:69,1
DA:70,1
DA:71,1
DA:72,1
DA:73,1
DA:75,1
FN:78,OnChainMultiTraits.getAttributeJson
FNDA:0,OnChainMultiTraits.getAttributeJson
DA:83,0
DA:87,0
FN:90,OnChainMultiTraits.getAttributeJson
FNDA:0,OnChainMultiTraits.getAttributeJson
DA:94,0
DA:101,0
FN:104,OnChainMultiTraits.displayTypeJson
FNDA:2,OnChainMultiTraits.displayTypeJson
DA:109,2
FN:112,OnChainMultiTraits._getAttributeJson
FNDA:5,OnChainMultiTraits._getAttributeJson
DA:117,5
DA:118,5
BRDA:118,2,0,-
BRDA:118,2,1,5
DA:119,5
DA:120,5
BRDA:120,3,0,2
BRDA:120,3,1,5
DA:121,5
DA:122,5
BRDA:122,4,0,2
BRDA:122,4,1,5
DA:123,5
DA:124,5
BRDA:124,5,0,2
BRDA:124,5,1,5
DA:125,5
DA:126,5
BRDA:126,6,0,2
BRDA:126,6,1,5
DA:127,5
DA:129,5
DA:131,5
DA:135,5
FNF:9
FNH:7
LF:43
LH:39
BRF:14
BRH:11
end_of_record
TN:
SF:src/traits/OnChainTraits.sol
FN:13,OnChainTraits.setAttribute
FNDA:7,OnChainTraits.setAttribute
DA:17,7
FN:20,OnChainTraits.setAttributes
FNDA:1,OnChainTraits.setAttributes
DA:24,1
BRDA:24,0,0,-
BRDA:24,0,1,1
DA:25,1
DA:27,1
DA:28,1
FN:32,OnChainTraits.getLayerTraitJson
FNDA:5,OnChainTraits.getLayerTraitJson
DA:37,5
DA:38,5
FN:41,OnChainTraits.getLayerTraitJson
FNDA:2,OnChainTraits.getLayerTraitJson
DA:46,2
DA:47,2
FN:50,OnChainTraits._getAttributeJson
FNDA:20,OnChainTraits._getAttributeJson
DA:55,20
DA:59,20
FN:62,OnChainTraits._getAttributeJson
FNDA:5,OnChainTraits._getAttributeJson
DA:66,5
DA:73,5
FN:76,OnChainTraits.displayTypeJson
FNDA:12,OnChainTraits.displayTypeJson
DA:81,12
FN:84,OnChainTraits._getAttributeJson
FNDA:25,OnChainTraits._getAttributeJson
DA:89,25
DA:90,25
BRDA:90,1,0,-
BRDA:90,1,1,25
DA:91,25
DA:92,25
BRDA:92,2,0,12
BRDA:92,2,1,25
DA:93,25
DA:94,25
BRDA:94,3,0,12
BRDA:94,3,1,25
DA:95,25
DA:96,25
BRDA:96,4,0,12
BRDA:96,4,1,25
DA:97,25
DA:98,25
BRDA:98,5,0,12
BRDA:98,5,1,25
DA:99,25
DA:101,25
DA:103,25
DA:107,25
FNF:8
FNH:8
LF:28
LH:28
BRF:12
BRH:10
end_of_record
TN:
SF:src/traits/RandomTraits.sol
FN:46,RandomTraits.setLayerTypeDistribution
FNDA:5,RandomTraits.setLayerTypeDistribution
DA:51,5
FN:61,RandomTraits.setLayerTypeDistributions
FNDA:0,RandomTraits.setLayerTypeDistributions
DA:65,0
DA:66,0
FN:78,RandomTraits.getLayerSeed
FNDA:54,RandomTraits.getLayerSeed
DA:91,54
FN:108,RandomTraits.getLayerId
FNDA:7,RandomTraits.getLayerId
DA:109,7
FN:115,RandomTraits.getLayerId
FNDA:48,RandomTraits.getLayerId
DA:121,48
DA:122,48
DA:123,48
DA:124,48
FN:156,RandomTraits.getLayerId
FNDA:48,RandomTraits.getLayerId
DA:208,48
BRDA:208,0,0,-
DA:211,48
BRDA:211,1,0,-
DA:215,48
FN:220,RandomTraits._setLayerTypeDistribution
FNDA:5,RandomTraits._setLayerTypeDistribution
DA:223,5
BRDA:223,2,0,-
BRDA:223,2,1,5
DA:224,5
DA:226,5
FNF:7
FNH:6
LF:15
LH:13
BRF:4
BRH:1
end_of_record
TN:
SF:src/traits/RandomTraitsImpl.sol
FN:10,RandomTraitsImpl.getLayerType
FNDA:26,RandomTraitsImpl.getLayerType
DA:17,26
DA:21,26
DA:22,26
BRDA:22,0,0,8
DA:23,26
FNF:1
FNH:1
LF:4
LH:4
BRF:1
BRH:1
end_of_record
TN:
SF:src/vrf/BatchVRFConsumer.sol
FN:55,BatchVRFConsumer.setForceUnsafeReveal
FNDA:3,BatchVRFConsumer.setForceUnsafeReveal
DA:56,3
FN:62,BatchVRFConsumer.requestRandomWords
FNDA:8,BatchVRFConsumer.requestRandomWords
DA:67,8
DA:70,8
FN:80,BatchVRFConsumer.getRandomnessForTokenId
FNDA:8,BatchVRFConsumer.getRandomnessForTokenId
DA:85,8
FN:94,BatchVRFConsumer.getRandomnessForTokenIdFromSeed
FNDA:52,BatchVRFConsumer.getRandomnessForTokenIdFromSeed
DA:100,52
DA:105,52
DA:114,52
BRDA:114,0,0,2
FN:124,BatchVRFConsumer.rawFulfillRandomWords
FNDA:2,BatchVRFConsumer.rawFulfillRandomWords
DA:128,2
BRDA:128,1,0,-
BRDA:128,1,1,2
DA:129,2
DA:131,2
FN:148,BatchVRFConsumer.fulfillRandomWords
FNDA:2,BatchVRFConsumer.fulfillRandomWords
DA:152,2
DA:153,2
DA:154,2
DA:156,2
DA:157,2
DA:158,2
DA:159,2
DA:160,2
DA:161,2
FN:169,BatchVRFConsumer._checkAndReturnNumBatches
FNDA:10,BatchVRFConsumer._checkAndReturnNumBatches
DA:175,10
DA:177,10
DA:180,10
DA:182,10
BRDA:182,2,0,1
BRDA:182,2,1,9
DA:183,10
DA:187,10
DA:190,10
DA:192,10
DA:198,10
BRDA:197,3,0,9
BRDA:197,3,1,9
DA:201,10
DA:204,10
BRDA:204,4,0,4
BRDA:204,4,1,8
DA:205,10
DA:208,10
FNF:7
FNH:7
LF:32
LH:32
BRF:9
BRH:8
end_of_record
TN:
SF:test/TokenBulkBurn.t.sol
FN:18,TokenImpl.setBoundLayersBulkNoCalldataOverhead
FNDA:2,TokenImpl.setBoundLayersBulkNoCalldataOverhead
DA:21,2
DA:22,2
DA:24,2
FNF:1
FNH:1
LF:3
LH:3
BRF:0
BRH:0
end_of_record
TN:
SF:test/helpers/StringTestUtility.sol
FN:5,StringTestUtility.startsWith
FNDA:0,StringTestUtility.startsWith
DA:10,0
DA:11,0
DA:12,0
BRDA:12,0,0,-
BRDA:12,0,1,-
DA:13,0
DA:15,0
DA:16,0
BRDA:16,1,0,-
BRDA:16,1,1,-
DA:17,0
DA:20,0
FN:23,StringTestUtility.endsWith
FNDA:0,StringTestUtility.endsWith
DA:28,0
DA:29,0
DA:30,0
BRDA:30,2,0,-
BRDA:30,2,1,-
DA:31,0
DA:33,0
DA:35,0
BRDA:34,3,0,-
BRDA:34,3,1,-
DA:38,0
DA:41,0
FN:44,StringTestUtility.countChar
FNDA:0,StringTestUtility.countChar
DA:49,0
DA:50,0
DA:51,0
DA:52,0
BRDA:52,4,0,-
BRDA:52,4,1,-
DA:53,0
DA:56,0
FN:59,StringTestUtility.contains
FNDA:0,StringTestUtility.contains
DA:64,0
DA:65,0
DA:66,0
BRDA:66,5,0,-
BRDA:66,5,1,-
DA:67,0
DA:69,0
DA:70,0
DA:71,0
DA:72,0
BRDA:72,6,0,-
BRDA:72,6,1,-
DA:73,0
DA:75,0
DA:76,0
DA:77,0
BRDA:77,7,0,-
BRDA:77,7,1,-
DA:78,0
DA:81,0
FN:84,StringTestUtility.contains
FNDA:0,StringTestUtility.contains
DA:89,0
FN:92,StringTestUtility.splice
FNDA:0,StringTestUtility.splice
DA:97,0
DA:98,0
DA:99,0
DA:100,0
DA:101,0
DA:103,0
FN:106,StringTestUtility.equals
FNDA:0,StringTestUtility.equals
DA:111,0
FNF:7
FNH:0
LF:44
LH:0
BRF:16
BRH:0
end_of_record
TN:
SF:test/metadata/ImageLayerable.t.sol
FN:18,ImageLayerableImpl.setBindings
FNDA:26,ImageLayerableImpl.setBindings
DA:19,26
FN:22,ImageLayerableImpl.setActiveLayers
FNDA:26,ImageLayerableImpl.setActiveLayers
DA:23,26
FN:26,ImageLayerableImpl.setPackedBatchRandomness
FNDA:26,ImageLayerableImpl.setPackedBatchRandomness
DA:27,26
FN:30,ImageLayerableImpl.tokenJson
FNDA:26,ImageLayerableImpl.tokenJson
DA:36,26
FN:45,ImageLayerableImpl.tokenURI
FNDA:26,ImageLayerableImpl.tokenURI
DA:51,26
FNF:5
FNH:5
LF:5
LH:5
BRF:0
BRH:0
end_of_record
TN:
SF:test/metadata/Layerable.t.sol
FN:20,LayerableImpl.setBindings
FNDA:0,LayerableImpl.setBindings
DA:21,0
FN:24,LayerableImpl.setActiveLayers
FNDA:0,LayerableImpl.setActiveLayers
DA:25,0
FN:28,LayerableImpl.setPackedBatchRandomness
FNDA:0,LayerableImpl.setPackedBatchRandomness
DA:29,0
FN:32,LayerableImpl.tokenURI
FNDA:0,LayerableImpl.tokenURI
DA:38,0
FNF:4
FNH:0
LF:4
LH:0
BRF:0
BRH:0
end_of_record
TN:
SF:test/traits/RandomTraits.t.sol
FN:16,RandomTraitsTestImpl.setPackedBatchRandomness
FNDA:20,RandomTraitsTestImpl.setPackedBatchRandomness
DA:17,20
FN:20,RandomTraitsTestImpl.getLayerTypeDistributions
FNDA:20,RandomTraitsTestImpl.getLayerTypeDistributions
DA:25,20
FN:28,RandomTraitsTestImpl.getLayerSeedPub
FNDA:20,RandomTraitsTestImpl.getLayerSeedPub
DA:33,20
FN:36,RandomTraitsTestImpl.getLayerIdPub
FNDA:20,RandomTraitsTestImpl.getLayerIdPub
DA:41,20
FNF:4
FNH:4
LF:4
LH:4
BRF:0
BRH:0
end_of_record
TN:
SF:test/util/ERC721Recipient.sol
FN:7,ERC721Recipient.onERC721Received
FNDA:0,ERC721Recipient.onERC721Received
DA:13,0
FNF:1
FNH:0
LF:1
LH:0
BRF:0
BRH:0
end_of_record
TN:
SF:test/vrf/BatchVRFConsumer.t.sol
FN:33,BatchVRFConsumerImpl.getNumTokensPerRandomBatch
FNDA:31,BatchVRFConsumerImpl.getNumTokensPerRandomBatch
DA:34,31
FN:37,BatchVRFConsumerImpl.mintSets
FNDA:31,BatchVRFConsumerImpl.mintSets
DA:38,31
FN:41,BatchVRFConsumerImpl.setNextTokenId
FNDA:31,BatchVRFConsumerImpl.setNextTokenId
DA:42,31
FN:45,BatchVRFConsumerImpl.setRevealBatch
FNDA:31,BatchVRFConsumerImpl.setRevealBatch
DA:46,31
FN:49,BatchVRFConsumerImpl.getRevealBatch
FNDA:31,BatchVRFConsumerImpl.getRevealBatch
DA:50,31
FN:53,BatchVRFConsumerImpl._nextTokenId
FNDA:31,BatchVRFConsumerImpl._nextTokenId
DA:54,31
FN:57,BatchVRFConsumerImpl.setNextTokenIdWithBatch
FNDA:31,BatchVRFConsumerImpl.setNextTokenIdWithBatch
DA:58,31
FN:61,BatchVRFConsumerImpl.checkAndReturnNumBatches
FNDA:31,BatchVRFConsumerImpl.checkAndReturnNumBatches
DA:62,31
FN:65,BatchVRFConsumerImpl.getRandomnessForTokenIdPub
FNDA:31,BatchVRFConsumerImpl.getRandomnessForTokenIdPub
DA:70,31
FN:73,BatchVRFConsumerImpl.getRandomnessForBatchId
FNDA:31,BatchVRFConsumerImpl.getRandomnessForBatchId
DA:78,31
FN:82,BatchVRFConsumerImpl.setPackedBatchRandomness
FNDA:31,BatchVRFConsumerImpl.setPackedBatchRandomness
DA:83,31
FN:86,BatchVRFConsumerImpl.getRandomnessForTokenIdFromSeedPub
FNDA:31,BatchVRFConsumerImpl.getRandomnessForTokenIdFromSeedPub
DA:91,31
FN:94,BatchVRFConsumerImpl.noOp
FNDA:31,BatchVRFConsumerImpl.noOp
FNF:13
FNH:13
LF:12
LH:12
BRF:0
BRH:0
end_of_record
